  [CUCP_1_1][2023/03/31 05:38:40.614045][NGP][ngp_logger.cpp][1205][WRN][start_log_manager function is the old version, consider using the new signature]
  [CUCP_1_1][2023/03/31 05:38:42.105299][APP][app_cntrl.cpp][167][INF][CU_REPO_BRANCH: main]
  [CUCP_1_1][2023/03/31 05:38:42.105306][APP][app_cntrl.cpp][173][INF][CU_REPO_SHA: df37a8d4]
  [CUCP_1_1][2023/03/31 05:38:42.105309][APP][app_cntrl.cpp][190][INF][SUBMODUL_SHA: gNB_CU=a6f05b45 gNB_CU_TEST=0b3e9925 gNB_node_controller=1b539d6e]
  [CUCP_1_1][2023/03/31 05:38:42.105310][APP][app_cntrl.cpp][196][INF][BUILD_OPTION: cp]
  [CUCP_1_1][2023/03/31 05:38:42.105311][APP][app_cntrl.cpp][202][INF][CRYPTO: CRYPTO]
  [CUCP_1_1][2023/03/31 05:38:42.105312][APP][app_cntrl.cpp][208][INF][SW_CRYPTO: true]
  [CUCP_1_1][2023/03/31 05:38:42.105313][APP][app_cntrl.cpp][214][INF][DPDK: false]
  [CUCP_1_1][2023/03/31 05:38:42.105314][APP][app_cntrl.cpp][220][INF][GCOV: false]
  [CUCP_1_1][2023/03/31 05:38:42.105315][APP][app_cntrl.cpp][226][INF][OAM_MODE: OAM_MODE]
  [CUCP_1_1][2023/03/31 05:38:42.105316][APP][app_cntrl.cpp][232][INF][RSYS_VERSION: 2.5.1]
  [CUCP_1_1][2023/03/31 05:38:42.105316][APP][app_cntrl.cpp][238][INF][BUILD_DATE: 2023-03-31T05:31:34-04:00]
  [CUCP_1_1][2023/03/31 05:38:42.315200][OAM_LIB][OamLogger.cpp][63][INF][Registered OAM log modules]
  [CUCP_1_1][2023/03/31 05:38:42.315207][OAM_LIB][OamConfig.cpp][30][INF][[initOAM::getConfig] Using config file ../config/oam_cu_cp_confd_cfg.txt]
  [CUCP_1_1][2023/03/31 05:38:42.315208][OAM_LIB][OamConfig.cpp][31][INF][NetconfConfig]
  [CUCP_1_1][2023/03/31 05:38:42.315210][OAM_LIB][OamConfig.cpp][32][INF][    host:127.0.0.1]
  [CUCP_1_1][2023/03/31 05:38:42.315212][OAM_LIB][OamConfig.cpp][33][INF][    port:11002]
  [CUCP_1_1][2023/03/31 05:38:42.315213][OAM_LIB][OamConfig.cpp][34][INF][MqConfig]
  [CUCP_1_1][2023/03/31 05:38:42.315214][OAM_LIB][OamConfig.cpp][35][INF][    consumerUri:tcp://127.0.0.1:10001]
  [CUCP_1_1][2023/03/31 05:38:42.315215][OAM_LIB][OamConfig.cpp][36][INF][    producerUri:tcp://127.0.0.1:10002]
  [CUCP_1_1][2023/03/31 05:38:42.315215][OAM_LIB][OamConfig.cpp][37][INF][    proxyControlUri:tcp://127.0.0.1:10003]
  [CUCP_1_1][2023/03/31 05:38:42.315216][OAM_LIB][OamConfig.cpp][38][INF][YangVersion:R1.0]
  [CUCP_1_1][2023/03/31 05:38:42.315217][OAM_LIB][OamConfig.cpp][39][INF][ServerType:CONFD]
  [CUCP_1_1][2023/03/31 05:38:42.315218][OAM_LIB][OamConfig.cpp][40][INF][Generic pm framework enabled 1]
  [CUCP_1_1][2023/03/31 05:38:42.315218][OAM_LIB][OamConfig.cpp][41][INF][LoggerConfig]
  [CUCP_1_1][2023/03/31 05:38:42.315219][OAM_LIB][OamConfig.cpp][42][INF][    bootlogEnable:0]
  [CUCP_1_1][2023/03/31 05:38:42.315220][OAM_LIB][OamConfig.cpp][43][INF][    coreIdList:{}]
  [CUCP_1_1][2023/03/31 05:38:42.315881][OAM_CM][CmInterfaceImpl.h][69][INF][CM adapter initialized.]
  [CUCP_1_1][2023/03/31 05:38:42.316138][OAM_PM][PmInterfaceImpl.h][96][INF][PmInterfaceImpl::init Pm adapter initialized.]
  [CUCP_1_1][2023/03/31 05:38:42.318190][OAM_PM][PmInterfaceImpl.h][115][INF][RegisterKpiDefinitions, Registered 94 KPI metrics.]
  [CUCP_1_1][2023/03/31 05:38:42.318722][OAM_FM][FmInterface.cpp][70][INF][Fm adapter initialized]
  [CUCP_1_1][2023/03/31 05:38:42.319012][OAM_HB][HbInterfaceImpl.h][63][INF][Heartbeat initialized.]
  [CUCP_1_1][2023/03/31 05:38:42.319063][OAM_LIB][AgentSubscriberImpl.cpp][27][INF][MessageType:1]
  [CUCP_1_1][2023/03/31 05:38:42.319065][OAM_LIB][AgentSubscriberImpl.cpp][27][INF][MessageType:2]
  [CUCP_1_1][2023/03/31 05:38:42.319138][OAM_LIB][AgentSubscriberImpl.cpp][27][INF][MessageType:25]
  [CUCP_1_1][2023/03/31 05:38:42.387248][OAM_LIB][ConfDSubscriber.cpp][71][INF][Subscribed to /NRNetwork]
  [CUCP_1_1][2023/03/31 05:38:42.390184][OAM_LIB][ConfDSubscriber.cpp][71][INF][Subscribed to /ManagedElement]
  [CUCP_1_1][2023/03/31 05:38:42.390445][OAM_LIB][ConfDSubscriber.cpp][68][ERR][Failed to subscribe to /wg5-delay-management. Error: Unknown error]
  [CUCP_1_1][2023/03/31 05:38:42.390570][OAM_LIB][ConfDSubscriber.cpp][68][ERR][Failed to subscribe to /hardware. Error: Unknown error]
  [CUCP_1_1][2023/03/31 05:38:42.392315][OAM_LIB][ConfDSubscriber.cpp][632][INF][Subscribed to /ManagedElement.]
  [CUCP_1_1][2023/03/31 05:38:42.392469][OAM_LIB][ConfDSubscriber.cpp][629][ERR][Failed to subscribe operational to /aggregated-o-ru. Error: -1]
  [CUCP_1_1][2023/03/31 05:38:42.392585][OAM_LIB][ConfDSubscriber.cpp][629][ERR][Failed to subscribe operational to /wg5-delay-management. Error: -1]
  [CUCP_1_1][2023/03/31 05:38:42.394076][OAM_LIB][ConfDSubscriber.cpp][632][INF][Subscribed to /NRNetwork.]
  [CUCP_1_1][2023/03/31 05:38:42.394235][OAM_LIB][ConfDSubscriber.cpp][629][ERR][Failed to subscribe operational to /hardware. Error: -1]
  [CUCP_1_1][2023/03/31 05:38:42.394362][OAM_LIB][ConfDSubscriber.cpp][236][INF][Connection successfuly established.]
  [CUCP_1_1][2023/03/31 05:38:42.395346][OAM_FILE][OamSftpServer.cpp][61][INF][Loaded sftp server configuration]
  [CUCP_1_1][2023/03/31 05:38:42.395349][OAM_FILE][OamSftpServer.cpp][62][INF][SFTP server enable=1]
  [CUCP_1_1][2023/03/31 05:38:42.395350][OAM_FILE][OamSftpServer.cpp][63][INF][IP address=0.0.0.0]
  [CUCP_1_1][2023/03/31 05:38:42.395352][OAM_FILE][OamSftpServer.cpp][64][INF][Port=2233]
  [CUCP_1_1][2023/03/31 05:38:42.395353][OAM_FILE][OamSftpServer.cpp][65][INF][User=sftp]
  [CUCP_1_1][2023/03/31 05:38:42.395354][OAM_FILE][OamSftpServer.cpp][66][INF][Path=./]
  [CUCP_1_1][2023/03/31 05:38:42.395355][OAM_FILE][OamSftpServer.cpp][67][INF][Max=8]
  [CUCP_1_1][2023/03/31 05:38:42.395356][OAM_FILE][OamSftpServer.cpp][68][INF][Timeout=5]
  [CUCP_1_1][2023/03/31 05:38:42.395357][OAM_FILE][OamSftpServer.cpp][69][INF][keyDir=/etc/ssh/]
  [CUCP_1_1][2023/03/31 05:38:42.395358][OAM_FILE][OamSftpServer.cpp][70][INF][RSA=ssh_host_rsa_key]
  [CUCP_1_1][2023/03/31 05:38:42.395359][OAM_FILE][OamSftpServer.cpp][71][INF][DSA=ssh_host_dsa_key]
  [CUCP_1_1][2023/03/31 05:38:42.395360][OAM_FILE][OamSftpServer.cpp][72][INF][ECDSA=ssh_host_ecdsa_key]
  [CUCP_1_1][2023/03/31 05:38:42.395366][OAM_FILE][OamSftpServer.cpp][79][INF][Set SFTP root path to /root/automation/CU/gNB_CU/build/cucp_bin/bin]
  [CUCP_1_1][2023/03/31 05:38:42.396051][OAM_LIB][ConfDSubscriber.cpp][183][INF][Connection already established.]
  [CUCP_1_1][2023/03/31 05:38:42.396114][OAM_LIB][GnbOam.cpp][120][INF][OAM started with 3 threads.]
  [CUCP_1_1][2023/03/31 05:38:42.396161][OAM_LIB][ConfDNotification.cpp][53][INF][Starting notification svc.]
  [CUCP_1_1][2023/03/31 05:38:42.396505][OAM_FILE][OamSftpServer.cpp][161][ERR][SFTP server binding key no such file: /etc/ssh/ssh_host_dsa_key]
  [CUCP_1_1][2023/03/31 05:38:42.396912][OAM_LIB][ConfDNotification.cpp][152][INF][Connection successfully established]
  [CUCP_1_1][2023/03/31 05:38:43.397064][OAM_FM][FmEventAdapter.cpp][79][WRN][FmEventAdapter instance is not initialized yet]
  [CUCP_1_1][2023/03/31 05:38:43.397071][OAM_FM][FmEventAdapter.cpp][49][ERR][Could not send EventDefinition Json obj to OAM Core]
  [CUCP_1_1][2023/03/31 05:38:43.397310][OAM_LIB][ConfDSubscriber.cpp][95][INF][Wait for CDB start-phase to be completed and available]
  [CUCP_1_1][2023/03/31 05:38:43.397322][OAM_FM][FmEventAdapter.cpp][68][INF][Parsed event definition file successfully]
  [CUCP_1_1][2023/03/31 05:38:43.397524][OAM_LIB][ConfDSubscriber.cpp][100][INF][CDB is ready and available]
  [CUCP_1_1][2023/03/31 05:38:43.397726][OAM_LIB][ConfDSubscriber.cpp][297][INF][Message received from confd :: CDB_SUB_PREPARE]
  [CUCP_1_1][2023/03/31 05:38:43.397729][OAM_LIB][ConfDSubscriber.cpp][315][INF][Manual Subscription Trigger Prepare]
  [CUCP_1_1][2023/03/31 05:38:43.397731][OAM_LIB][ConfDSubscriber.cpp][546][INF][CDB_DONE_PRIORITY]
  [CUCP_1_1][2023/03/31 05:38:43.398050][OAM_LIB][ConfDSubscriber.cpp][297][INF][Message received from confd :: CDB_SUB_COMMIT]
  [CUCP_1_1][2023/03/31 05:38:43.398052][OAM_LIB][ConfDSubscriber.cpp][301][INF][Manual Subscription Trigger Commit]
  [CUCP_1_1][2023/03/31 05:38:43.398059][OAM_FM][FmAlarmManager.cpp][258][INF][Parse Alarm Definition file successful]
  [CUCP_1_1][2023/03/31 05:38:43.398331][OAM_FM][FmEventManager.cpp][181][INF][Parse Event Definition file successful]
  [CUCP_1_1][2023/03/31 05:38:43.416500][OAM_LIB][Dispatcher.cpp][137][INF][Dispatching message to topic 'ConfigManager' for xpath '/NRNetwork' id='1e5ace5]
  [CUCP_1_1][2023/03/31 05:38:43.417186][OAM_LIB][Dispatcher.cpp][77][INF][Number of dispatched messages: 1]
  [CUCP_1_1][2023/03/31 05:38:43.417713][OAM_LIB][Runner.cpp][56][INF][Received message on topic ConfigManager]
  [CUCP_1_1][2023/03/31 05:38:43.418345][OAM_CM][ConfigNodalManagerR1.cpp][74][INF][MessageReceived:CONFIG_REQUEST]
  [CUCP_1_1][2023/03/31 05:38:43.418731][OAM_LIB][NodeManager.cpp][60][INF][Send commit response id='1e5ace51-486d-4f01-83e3-08f55b3b74db' xpath='/NRNetwor]
  [CUCP_1_1][2023/03/31 05:38:43.419246][OAM_LIB][Runner.cpp][56][INF][Received message on topic DISPATCHER_SERVICE_TOPIC]
  [CUCP_1_1][2023/03/31 05:38:43.419317][OAM_LIB][Dispatcher.cpp][343][INF][Received CM_COMMIT_RESPONSE xpath=/NRNetwork status=1 corrId=1e5ace51-486d-4f01]
  [CUCP_1_1][2023/03/31 05:38:43.419324][OAM_LIB][Dispatcher.cpp][357][INF][The commit transaction is done.]
  [CUCP_1_1][2023/03/31 05:38:43.419348][OAM_LIB][ConfDSubscriber.cpp][546][INF][CDB_DONE_PRIORITY]
  [CUCP_1_1][2023/03/31 05:38:43.420129][OAM_LIB][ConfDSubscriber.cpp][297][INF][Message received from confd :: CDB_SUB_PREPARE]
  [CUCP_1_1][2023/03/31 05:38:43.420133][OAM_LIB][ConfDSubscriber.cpp][315][INF][Manual Subscription Trigger Prepare]
  [CUCP_1_1][2023/03/31 05:38:43.420135][OAM_LIB][ConfDSubscriber.cpp][546][INF][CDB_DONE_PRIORITY]
  [CUCP_1_1][2023/03/31 05:38:43.420344][OAM_LIB][ConfDSubscriber.cpp][297][INF][Message received from confd :: CDB_SUB_COMMIT]
  [CUCP_1_1][2023/03/31 05:38:43.420346][OAM_LIB][ConfDSubscriber.cpp][301][INF][Manual Subscription Trigger Commit]
  [CUCP_1_1][2023/03/31 05:38:43.647884][OAM_LIB][Dispatcher.cpp][137][INF][Dispatching message to topic 'GENERIC_PM_SVC' for xpath '/ManagedElement/*/Perf]
  [CUCP_1_1][2023/03/31 05:38:43.648126][OAM_LIB][Dispatcher.cpp][137][INF][Dispatching message to topic 'FM_SERVICE' for xpath '/ManagedElement/*/AlarmLis]
  [CUCP_1_1][2023/03/31 05:38:43.648201][OAM_LIB][Dispatcher.cpp][137][INF][Dispatching message to topic 'ConfigManager' for xpath '/ManagedElement' id='bc]
  [CUCP_1_1][2023/03/31 05:38:43.648773][OAM_LIB][Runner.cpp][56][INF][Received message on topic GENERIC_PM_SVC]
  [CUCP_1_1][2023/03/31 05:38:43.648974][OAM_PM][GenericPmSvc.cpp][98][INF][Received configuration commit for xpath /ManagedElement/*/PerfMetricJob]
  [CUCP_1_1][2023/03/31 05:38:43.649096][OAM_LIB][NodeManager.cpp][60][INF][Send commit response id='bce4ca0a-8a1c-44b5-8a7c-17be6ae950ef' xpath='/ManagedE]
  [CUCP_1_1][2023/03/31 05:38:43.649229][OAM_LIB][ConfDWriter.cpp][192][INF][Write Configuration DataTrie to CDB]
  [CUCP_1_1][2023/03/31 05:38:43.650134][OAM_LIB][ConfDWriter.cpp][358][INF][path=/ManagedElement{0}]
  [CUCP_1_1][2023/03/31 05:38:43.650876][OAM_LIB][ConfDWriter.cpp][358][INF][path=/ManagedElement{0}/PerfMetricJob{0}]
  [CUCP_1_1][2023/03/31 05:38:43.651072][OAM_LIB][ConfDWriter.cpp][358][INF][path=/ManagedElement{0}/PerfMetricJob{0}/attributes]
  [CUCP_1_1][2023/03/31 05:38:43.654469][OAM_LIB][Runner.cpp][56][INF][Received message on topic FM_SERVICE]
  [CUCP_1_1][2023/03/31 05:38:43.654568][OAM_FM][FMServiceR1.cpp][57][INF][Received configuration commit message for xpath /ManagedElement/*/AlarmList]
  [CUCP_1_1][2023/03/31 05:38:43.654572][OAM_LIB][NodeManager.cpp][60][INF][Send commit response id='bce4ca0a-8a1c-44b5-8a7c-17be6ae950ef' xpath='/ManagedE]
  [CUCP_1_1][2023/03/31 05:38:43.654646][OAM_FM][FMServiceR1.cpp][306][INF][AlarmListCfg id: 0]
  [CUCP_1_1][2023/03/31 05:38:43.654651][OAM_FM][FMServiceR1.cpp][311][INF][FM admin state is changed: UNLOCKED]
  [CUCP_1_1][2023/03/31 05:38:43.654664][OAM_LIB][ConfDWriter.cpp][192][INF][Write Configuration DataTrie to CDB]
  [CUCP_1_1][2023/03/31 05:38:43.654880][OAM_LIB][Runner.cpp][56][INF][Received message on topic GENERIC_PM_NODE_MGR]
  [CUCP_1_1][2023/03/31 05:38:43.655241][OAM_LIB][ConfDWriter.cpp][358][INF][path=/ManagedElement[0]]
  [CUCP_1_1][2023/03/31 05:38:43.655383][OAM_LIB][ConfDWriter.cpp][358][INF][path=/ManagedElement[0]/AlarmList{0}]
  [CUCP_1_1][2023/03/31 05:38:43.655557][OAM_LIB][ConfDWriter.cpp][358][INF][path=/ManagedElement[0]/AlarmList{0}/attributes]
  [CUCP_1_1][2023/03/31 05:38:43.657572][OAM_FM][FMServiceR1.cpp][321][INF][The operationalState data has been updated successfully.]
  [CUCP_1_1][2023/03/31 05:38:43.657759][OAM_LIB][Runner.cpp][56][INF][Received message on topic DISPATCHER_SERVICE_TOPIC]
  [CUCP_1_1][2023/03/31 05:38:43.657785][OAM_LIB][Dispatcher.cpp][343][INF][Received CM_COMMIT_RESPONSE xpath=/ManagedElement/*/PerfMetricJob status=1 corr]
  [CUCP_1_1][2023/03/31 05:38:43.657810][OAM_LIB][Runner.cpp][56][INF][Received message on topic DISPATCHER_SERVICE_TOPIC]
  [CUCP_1_1][2023/03/31 05:38:43.657821][OAM_LIB][Dispatcher.cpp][343][INF][Received CM_COMMIT_RESPONSE xpath=/ManagedElement/*/AlarmList status=1 corrId=b]
  [CUCP_1_1][2023/03/31 05:38:43.658031][OAM_LIB][Runner.cpp][56][INF][Received message on topic GENERIC_FM_NODE_MGR]
  [CUCP_1_1][2023/03/31 05:38:43.658034][OAM_LIB][Runner.cpp][56][INF][Received message on topic FM_NODE_MANAGER]
  [CUCP_1_1][2023/03/31 05:38:43.658077][OAM_FM][FmInterface.cpp][77][INF][Received GENERIC_FM_ALARM_LIST_CONFIG request message.]
  [CUCP_1_1][2023/03/31 05:38:43.658129][OAM_FM][FMNodalManagerR1.cpp][110][INF][Received a request message.]
  [CUCP_1_1][2023/03/31 05:38:43.658131][OAM_FM][FMNodalManagerR1.cpp][133][INF][Received FM_ALARM_CONFIG_R1 request message.]
  [CUCP_1_1][2023/03/31 05:38:43.658460][OAM_LIB][AgentSubscriberImpl.cpp][105][INF][MessageReceived:38]
  [CUCP_1_1][2023/03/31 05:38:43.659486][OAM_LIB][Dispatcher.cpp][77][INF][Number of dispatched messages: 3]
  [CUCP_1_1][2023/03/31 05:38:43.659855][OAM_LIB][Runner.cpp][56][INF][Received message on topic ConfigManager]
  [CUCP_1_1][2023/03/31 05:38:43.672842][OAM_CM][ConfigNodalManagerR1.cpp][74][INF][MessageReceived:CONFIG_REQUEST]
  [CUCP_1_1][2023/03/31 05:38:43.672848][OAM_CM][ConfigNodalManagerR1.cpp][79][INF][/ManagedElement data]
  [CUCP_1_1][2023/03/31 05:38:43.673670][OAM_LIB][MeInfoConfigPublisher.cpp][16][INF][Publish ME config to ZMQ.]
  [CUCP_1_1][2023/03/31 05:38:43.685578][OAM_LIB][Runner.cpp][56][INF][Received message on topic NTF_SUB_SERVICE_TOPIC]
  [CUCP_1_1][2023/03/31 05:38:43.697254][OAM_LIB][NtfSubCtrlService.cpp][79][INF][Received ME Info Config message.]
  [CUCP_1_1][2023/03/31 05:38:43.701989][OAM_PM][PmInterfaceImpl.h][151][INF][InitMoi, Initialized counters for 3 type of objects.]
  [CUCP_1_1][2023/03/31 05:38:43.702135][OAM_PM][PmInterfaceImpl.h][175][INF][Application GNBCUCPFunction=0 registered with OAM]
  [CUCP_1_1][2023/03/31 05:38:43.702474][OAM_LIB][Runner.cpp][56][INF][Received message on topic GENERIC_PM_SVC]
  [CUCP_1_1][2023/03/31 05:38:43.703296][OAM_LIB][AgentSubscriberImpl.cpp][105][INF][MessageReceived:38]
  [CUCP_1_1][2023/03/31 05:38:43.706125][OAM_LIB][CdbWriter.cpp][19][INF][Connect and start CDB Client]
  [CUCP_1_1][2023/03/31 05:38:43.706129][OAM_LIB][CdbClient.cpp][54][INF][Create socket and connect to CDB]
  [CUCP_1_1][2023/03/31 05:38:43.774906][OAM_LIB][CdbClient.cpp][85][INF][Start session to CDB]
  [CUCP_1_1][2023/03/31 05:38:43.775317][OAM_LIB][CdbWriter.cpp][84][INF][Path /ManagedElement{0}/attributes exist in CDB]
  [CUCP_1_1][2023/03/31 05:38:43.775484][OAM_LIB][CdbWriter.cpp][49][INF][Update CDB]
  [CUCP_1_1][2023/03/31 05:38:43.782793][OAM_PM][Publisher.cpp][118][INF][Successfully published SupportedPerfMetricGroup to /ManagedElement{0}/attribute]
  [CUCP_1_1][2023/03/31 05:38:43.782800][OAM_LIB][CdbClient.cpp][112][INF][Close sock to CDB]
  [CUCP_1_1][2023/03/31 05:38:43.782889][OAM_PM][GenericPmSvc.cpp][403][INF][Registered application GNBCUCPFunction=0with pm service.]
  [CUCP_1_1][2023/03/31 05:38:43.795724][APP][app_cntrl_logging.cpp][405][TRC][GNB_AND_NGP_LOGGING_CONFIGRED]
  [CUCP_1_1][2023/03/31 05:38:43.797634][GNB_MGR][gnb_mgr_db.cpp][2177][TRC][STORING_NR_NEIGHBOR_CELLS_CONFIG]
  [CUCP_1_1][2023/03/31 05:38:43.797642][GNB_MGR][gnb_mgr_db.cpp][2177][TRC][STORING_NR_NEIGHBOR_CELLS_CONFIG]
  [CUCP_1_1][2023/03/31 05:38:43.797642][GNB_MGR][gnb_mgr_db.cpp][2177][TRC][STORING_NR_NEIGHBOR_CELLS_CONFIG]
  [CUCP_1_1][2023/03/31 05:38:43.797643][GNB_MGR][gnb_mgr_db.cpp][2177][TRC][STORING_NR_NEIGHBOR_CELLS_CONFIG]
  [CUCP_1_1][2023/03/31 05:38:43.797644][GNB_MGR][gnb_mgr_db.cpp][2177][TRC][STORING_NR_NEIGHBOR_CELLS_CONFIG]
  [CUCP_1_1][2023/03/31 05:38:43.797644][GNB_MGR][gnb_mgr_db.cpp][2177][TRC][STORING_NR_NEIGHBOR_CELLS_CONFIG]
  [CUCP_1_1][2023/03/31 05:38:43.797876][GNB_MGR][gnb_mgr_db.cpp][5838][TRC][STATS_LOGGER_THREAD_CREATED][STATS_LOGGER_THREAD_INSTANCE_ID][7]
  [CUCP_1_1][2023/03/31 05:38:43.797931][APP][rm_thread.cpp][1405][TRC][RM_GNB_CONFIG_REQ_RECEIVED][INT_MSG_RX_TS_CYCLE][193799217529020][SRC_GNB_MGR][4][DST_RM][6]
  [CUCP_1_1][2023/03/31 05:38:43.797968][DSON][son_intf_hdlr.cpp][115][TRC][ANR_CONFIGURATION_STARTED]
  [CUCP_1_1][2023/03/31 05:38:43.797971][RM][rm_msg_hdlr.cpp][216][TRC][SENDING_RM_UE_CONN_MGR_GNB_CONFIG_CMD]
  [CUCP_1_1][2023/03/31 05:38:43.797976][APP][rm_thread.cpp][1410][TRC][RM_GNB_CONFIG_REQ_PROCESSED][INT_MSG_RX_TS_CYCLE][193799217644696][SRC_GNB_MGR][4][DST_RM][6]
  [CUCP_1_1][2023/03/31 05:38:43.798026][APP][ue_cntrl_thread.cpp][1448][TRC][RM_UE_CONN_MGR_GNB_CONFIG_CMD_RECEIVED][INT_MSG_RX_TS_CYCLE][193799217745176][SRC_RM][6][DST_UE_CONN_MGR][7]
  [CUCP_1_1][2023/03/31 05:38:43.798043][APP][rm_thread.cpp][1389][TRC][RM_UE_CONN_MGR_GNB_CONFIG_CNF_RECEIVED][INT_MSG_RX_TS_CYCLE][193799217792722][SRC_GNB_MGR][7][DST_RM][6]
  [CUCP_1_1][2023/03/31 05:38:43.798045][RM][rm_msg_hdlr.cpp][165][TRC][SENDING_RM_GNB_CONFIG_RSP]
  [CUCP_1_1][2023/03/31 05:38:43.798047][APP][rm_thread.cpp][1394][TRC][RM_UE_CONN_MGR_GNB_CONFIG_CNF_PROCESSED][INT_MSG_RX_TS_CYCLE][193799217800444][SRC_GNB_MGR][7][DST_RM][6]
  [CUCP_1_1][2023/03/31 05:38:43.798052][APP][common_cntrl_thread.cpp][167][TRC][RM_GNB_CONFIG_RSP_RECEIVED][INT_MSG_RX_TS_CYCLE][193799217811280][SRC_RM][6][DST_GNB_MGR][4]
  [CUCP_1_1][2023/03/31 05:38:43.798080][APP][sctp_cntrl_thread.cpp][117][TRC][SCTP_CONFIG_REQ_RECEIVED][INT_MSG_RX_TS_CYCLE][193799217865314][SRC_GNB_MGR][4][DST_SCTP][17]
  [CUCP_1_1][2023/03/31 05:38:43.798095][APP][common_cntrl_thread.cpp][826][TRC][SCTP_CONFIG_RSP_RECEIVED][INT_MSG_RX_TS_CYCLE][193799217906808][SRC_SCTP][17][DST_GNB_MGR][4]
  [CUCP_1_1][2023/03/31 05:38:43.798102][APP][sctp_cntrl_thread.cpp][130][TRC][SCTP_SERVER_SETUP_REQ_RECEIVED][INT_MSG_RX_TS_CYCLE][193799217921034][SRC_GNB_MGR][4][DST_SCTP][17]
  [CUCP_1_1][2023/03/31 05:38:43.798924][SCTP_CNTRL][sctp_cntrl_msg_hdlr.cpp][200][TRC][SCTP_E1_SERVER_CREATED][SCTP_THREAD_ID][5]
  [CUCP_1_1][2023/03/31 05:38:43.798942][APP][common_cntrl_thread.cpp][839][TRC][SCTP_SERVER_SETUP_RSP_RECEIVED][INT_MSG_RX_TS_CYCLE][193799219764548][SRC_SCTP][17][DST_GNB_MGR][4]
  [CUCP_1_1][2023/03/31 05:38:43.798953][APP][sctp_cntrl_thread.cpp][130][TRC][SCTP_SERVER_SETUP_REQ_RECEIVED][INT_MSG_RX_TS_CYCLE][193799219788858][SRC_GNB_MGR][4][DST_SCTP][17]
  [CUCP_1_1][2023/03/31 05:38:43.798999][SCTP_CNTRL][sctp_cntrl_msg_hdlr.cpp][170][TRC][SCTP_F1_SERVER_CREATED][SCTP_THREAD_ID][5]
  [CUCP_1_1][2023/03/31 05:38:43.799006][APP][common_cntrl_thread.cpp][839][TRC][SCTP_SERVER_SETUP_RSP_RECEIVED][INT_MSG_RX_TS_CYCLE][193799219904356][SRC_SCTP][17][DST_GNB_MGR][4]
  [CUCP_1_1][2023/03/31 05:38:43.799008][GNB_MGR][gnb_mgr_db.cpp][5048][TRC][SERVER_SETUP_RSP_RECEIVED_IN_GNB_MGR_STATE_SERVER_SETUP_ONGOING]
  [CUCP_1_1][2023/03/31 05:38:43.799010][GNB_MGR][gnb_mgr_db.cpp][5059][TRC][SENDING_OAM_GNB_CONFIG_RSP]
  [CUCP_1_1][2023/03/31 05:38:43.799084][OAM_LIB][AgentSubscriberImpl.cpp][105][INF][MessageReceived:1]
  [CUCP_1_1][2023/03/31 05:38:43.799210][OAM_LIB][Timer.cpp][200][INF][Notify_all]
  [CUCP_1_1][2023/03/31 05:38:43.799228][OAM_CM][ConfigNodalManagerR1.cpp][164][INF][Config response, result:success]
  [CUCP_1_1][2023/03/31 05:38:43.799250][OAM_CM][ConfigNodalManagerR1.cpp][172][INF][Stack Bringup - CU is UP]
  [CUCP_1_1][2023/03/31 05:38:43.799254][OAM_LIB][NodeManager.cpp][60][INF][Send commit response id='bce4ca0a-8a1c-44b5-8a7c-17be6ae950ef' xpath='/ManagedE]
  [CUCP_1_1][2023/03/31 05:38:43.800083][OAM_LIB][Runner.cpp][56][INF][Received message on topic CM_SERVICE]
  [CUCP_1_1][2023/03/31 05:38:43.800157][OAM_CM][CMService.cpp][61][INF][Received CM_UPDATE_OPER_STATE message.]
  [CUCP_1_1][2023/03/31 05:38:43.800292][OAM_LIB][ConfDWriter.cpp][192][INF][Write Configuration DataTrie to CDB]
  [CUCP_1_1][2023/03/31 05:38:43.801224][OAM_LIB][ConfDWriter.cpp][358][INF][path=]
  [CUCP_1_1][2023/03/31 05:38:43.801339][OAM_LIB][ConfDWriter.cpp][358][INF][path=/ManagedElement{0}]
  [CUCP_1_1][2023/03/31 05:38:43.801573][OAM_LIB][ConfDWriter.cpp][358][INF][path=/ManagedElement{0}/GNBCUCPFunction{0}]
  [CUCP_1_1][2023/03/31 05:38:43.801721][OAM_LIB][ConfDWriter.cpp][358][INF][path=/ManagedElement{0}/GNBCUCPFunction{0}/attributes]
  [CUCP_1_1][2023/03/31 05:38:43.801869][OAM_LIB][ConfDWriter.cpp][358][INF][path=/ManagedElement{0}/GNBCUCPFunction{0}/attributes/dvsCfg]
  [CUCP_1_1][2023/03/31 05:38:43.806313][OAM_LIB][Runner.cpp][56][INF][Received message on topic DISPATCHER_SERVICE_TOPIC]
  [CUCP_1_1][2023/03/31 05:38:43.806366][OAM_LIB][Dispatcher.cpp][343][INF][Received CM_COMMIT_RESPONSE xpath=/ManagedElement status=1 corrId=bce4ca0a-8a1c]
  [CUCP_1_1][2023/03/31 05:38:43.806375][OAM_LIB][Dispatcher.cpp][357][INF][The commit transaction is done.]
  [CUCP_1_1][2023/03/31 05:38:43.806382][OAM_LIB][ConfDSubscriber.cpp][546][INF][CDB_DONE_PRIORITY]
  [CUCP_1_1][2023/03/31 05:38:43.806593][OAM_LIB][ConfDSubscriber.cpp][109][INF][Successfully triggered CDB subscriptions.]
  [CUCP_1_1][2023/03/31 05:38:43.806633][OAM_LIB][ConfDSubscriber.cpp][297][INF][Message received from confd :: CDB_SUB_OPER]
  [CUCP_1_1][2023/03/31 05:38:43.806637][OAM_LIB][ConfDSubscriber.cpp][361][INF][Operational state change]
  [CUCP_1_1][2023/03/31 05:38:43.807548][OAM_LIB][NtfSubCtrlPublisher.cpp][40][INF][Publish notification to ZMQ.]
  [CUCP_1_1][2023/03/31 05:38:43.807718][OAM_LIB][ConfDSubscriber.cpp][564][INF][[ConfDSubscriber::sendResponseToConfd] CDB_DONE_OPERATIONAL]
  [CUCP_1_1][2023/03/31 05:38:43.807993][OAM_LIB][Runner.cpp][56][INF][Received message on topic NTF_SUB_SERVICE_TOPIC]
  [CUCP_1_1][2023/03/31 05:38:43.807993][OAM_LIB][ConfDSubscriber.cpp][297][INF][Message received from confd :: CDB_SUB_OPER]
  [CUCP_1_1][2023/03/31 05:38:43.807996][OAM_LIB][ConfDSubscriber.cpp][361][INF][Operational state change]
  [CUCP_1_1][2023/03/31 05:38:43.808024][OAM_LIB][NtfSubCtrlService.cpp][62][INF][Received notification message.]
  [CUCP_1_1][2023/03/31 05:38:43.808038][OAM_LIB][NtfSubCtrlHandler.cpp][373][INF][Not found notification type: notifyMOIAttributeValueChanges]
  [CUCP_1_1][2023/03/31 05:38:43.808609][OAM_LIB][NtfSubCtrlPublisher.cpp][40][INF][Publish notification to ZMQ.]
  [CUCP_1_1][2023/03/31 05:38:43.808675][OAM_LIB][ConfDSubscriber.cpp][564][INF][[ConfDSubscriber::sendResponseToConfd] CDB_DONE_OPERATIONAL]
  [CUCP_1_1][2023/03/31 05:38:43.808872][OAM_LIB][ConfDSubscriber.cpp][297][INF][Message received from confd :: CDB_SUB_OPER]
  [CUCP_1_1][2023/03/31 05:38:43.808874][OAM_LIB][ConfDSubscriber.cpp][361][INF][Operational state change]
  [CUCP_1_1][2023/03/31 05:38:43.808893][OAM_LIB][Runner.cpp][56][INF][Received message on topic NTF_SUB_SERVICE_TOPIC]
  [CUCP_1_1][2023/03/31 05:38:43.808908][OAM_LIB][NtfSubCtrlService.cpp][62][INF][Received notification message.]
  [CUCP_1_1][2023/03/31 05:38:43.808910][OAM_LIB][NtfSubCtrlHandler.cpp][373][INF][Not found notification type: notifyMOIAttributeValueChanges]
  [CUCP_1_1][2023/03/31 05:38:43.809690][OAM_LIB][NtfSubCtrlPublisher.cpp][40][INF][Publish notification to ZMQ.]
  [CUCP_1_1][2023/03/31 05:38:43.809752][OAM_LIB][ConfDSubscriber.cpp][564][INF][[ConfDSubscriber::sendResponseToConfd] CDB_DONE_OPERATIONAL]
  [CUCP_1_1][2023/03/31 05:38:43.809958][OAM_LIB][Runner.cpp][56][INF][Received message on topic NTF_SUB_SERVICE_TOPIC]
  [CUCP_1_1][2023/03/31 05:38:43.809973][OAM_LIB][NtfSubCtrlService.cpp][62][INF][Received notification message.]
  [CUCP_1_1][2023/03/31 05:38:43.809975][OAM_LIB][NtfSubCtrlHandler.cpp][373][INF][Not found notification type: notifyMOIAttributeValueChanges]
  [CUCP_1_1][2023/03/31 05:38:47.308706][RM][rm_neighbour_mgmt.cpp][1198][TRC][RECEIVED_PERIODIC_SIB3_TIMER_EXPIRY]
  [CUCP_1_1][2023/03/31 05:38:47.308840][APP][rm_thread.cpp][875][TRC][PERIODIC_SI_TIMER_EXPIRY_IND_RECEIVED][INT_MSG_RX_TS_CYCLE][193806923359356][SRC_TIMER][48][DST_RM][6]
  [CUCP_1_1][2023/03/31 05:38:47.308845][RM][rm_msg_hdlr.cpp][5930][TRC][SI_TIMER_EXPIRY_IND_SEND_TO_DSON]
  [CUCP_1_1][2023/03/31 05:38:47.308858][DSON][son_intf_hdlr.cpp][3030][TRC][RECEIVED_TRIGGER_PERIODIC_SI_TIMER_EXPIRY]
  [CUCP_1_1][2023/03/31 05:38:47.309100][DSON][son_intf_hdlr.cpp][3110][ERR][SON_CELL_NOT_FOUND]
  [CUCP_1_1][2023/03/31 05:38:47.309106][APP][rm_thread.cpp][881][TRC][PERIODIC_SI_TIMER_EXPIRY_IND_PROCESSED][INT_MSG_RX_TS_CYCLE][193806923943684][SRC_TIMER][48][DST_RM][6]
  [CUCP_1_1][2023/03/31 05:38:52.106535][APP][common_cntrl_thread.cpp][878][TRC][SCTP_ASSOC_UP_IND_RECEIVED][EXT_MSG_RX_TS_CYCLE][193817453435376][SRC_SCTP_RX][19][DST_GNB_MGR][4]
  [CUCP_1_1][2023/03/31 05:38:52.106624][E1AP_CODEC][e1_msg_header.cpp][255][TRC][E1_MSG_ROUTING_INFO][E1_MSG_TYPE][768][IS_E1_MSG_UE_SPECIFIC][0]
  [CUCP_1_1][2023/03/31 05:38:52.106677][APP][common_cntrl_thread.cpp][904][TRC][SCTP_COMMON_MSG_RX_IND_RECEIVED][EXT_MSG_RX_TS_CYCLE][193817453748716][SRC_SCTP_RX][19][DST_GNB_MGR][4]
  [CUCP_1_1][2023/03/31 05:38:52.106680][GNB_MGR][gnb_mgr_msg_hdlr.cpp][978][INF][RECEIVED_E1_COMMON_MSG]
  [CUCP_1_1][2023/03/31 05:38:52.107534][GNB_MGR][gnb_mgr_e1_msg.cpp][196][INF][RECEIVED_GNB_CU_UP_E1_SETUP_REQUEST][GNB_MGR_CU_UP_ID][1]
  [CUCP_1_1][2023/03/31 05:38:52.107572][GNB_MGR][cu_fm_alarm_msg.cpp][73][TRC][GNB_MGR_CLEAR_ALARM][GNB_MGR_ALARM_TYPE][13][GNB_MGR_ALARM_LEVEL_ONE_ID][0][GNB_MGR_ALARM_LEVEL_TWO_ID][1]
  [CUCP_1_1][2023/03/31 05:38:52.107591][APP][rm_thread.cpp][139][TRC][RM_CU_UP_CONFIG_REQ_RECEIVED][INT_MSG_RX_TS_CYCLE][193817455744676][SRC_GNB_MGR][4][DST_RM][6][APP_GNB_CU_UP_ID][1]
  [CUCP_1_1][2023/03/31 05:38:52.107596][RM][rm_db.cpp][2508][TRC][CU_UP_ADDED][RM_GNB_CU_UP_ID][1]
  [CUCP_1_1][2023/03/31 05:38:52.107598][RM][rm_msg_hdlr.cpp][4821][TRC][SENDING_CU_UP_CONFIG_RSP][RM_GNB_CU_UP_ID][1]
  [CUCP_1_1][2023/03/31 05:38:52.107601][APP][rm_thread.cpp][145][TRC][RM_CU_UP_CONFIG_REQ_PROCESSED][INT_MSG_RX_TS_CYCLE][193817455778328][SRC_GNB_MGR][4][DST_RM][6][APP_GNB_CU_UP_ID][1]
  [CUCP_1_1][2023/03/31 05:38:52.107607][APP][common_cntrl_thread.cpp][223][TRC][RM_CU_UP_CONFIG_RSP_RECEIVED][INT_MSG_RX_TS_CYCLE][193817455791988][SRC_RM][6][DST_GNB_MGR][4][APP_GNB_CU_UP_ID][1]
  [CUCP_1_1][2023/03/31 05:38:52.107613][OAM_LIB][AgentSubscriberImpl.cpp][105][INF][MessageReceived:44]
  [CUCP_1_1][2023/03/31 05:38:52.107648][GNB_MGR][gnb_mgr_db_cu_up.cpp][370][INF][SENDING_GNB_CU_UP_E1_SETUP_RESPONSE][GNB_MGR_CU_UP_ID][1]
  [CUCP_1_1][2023/03/31 05:38:52.107650][APP][gnb_mgr_msg_comm.cpp][606][TRC][SCTP_MSG_TX_REQ_RECEIVED_IN_COMMON_CNTRL_THREAD][INT_MSG_RX_TS_CYCLE][193817455883816][SRC_SCTP_TX][18][DST_SCTP_TX][18]
  [CUCP_1_1][2023/03/31 05:38:52.107751][APP][gnb_mgr_msg_comm.cpp][625][TRC][SCTP_MSG_TX_REQ_PROCESSED_IN_COMMON_CNTRL_THREAD][INT_MSG_RX_TS_CYCLE][193817456106574][SRC_SCTP_TX][18][DST_SCTP_TX][18]
  [CUCP_1_1][2023/03/31 05:38:52.107761][FM][fm.cpp][2004][ERR][CUCP_ALARM_E1_COMM_DOWN_CLEARED_FAILED][GNB_INDEX][0]
  [CUCP_1_1][2023/03/31 05:38:52.107764][APP][rm_thread.cpp][122][TRC][RM_CU_CONFIG_UPDATE_IND_RECEIVED][INT_MSG_RX_TS_CYCLE][193817456135436][SRC_GNB_MGR][4][DST_RM][6]
  [CUCP_1_1][2023/03/31 05:38:52.107777][RM][rm_db.cpp][3146][TRC][GET_CUUP_E1AP_OPERATIONAL_STATE][RM_CU_UP_OP_STATE][1][RM_GNB_CU_UP_ID][1]
  [CUCP_1_1][2023/03/31 05:38:52.107778][APP][rm_thread.cpp][127][TRC][RM_CU_CONFIG_UPDATE_IND_PROCESSED][INT_MSG_RX_TS_CYCLE][193817456167398][SRC_GNB_MGR][4][DST_RM][6]
  [CUCP_1_1][2023/03/31 05:38:59.043855][APP][common_cntrl_thread.cpp][878][TRC][SCTP_ASSOC_UP_IND_RECEIVED][EXT_MSG_RX_TS_CYCLE][193832679603942][SRC_SCTP_RX][19][DST_GNB_MGR][4]
  [CUCP_1_1][2023/03/31 05:38:59.044043][F1AP_CODEC][f1_msg_header.cpp][253][TRC][F1_MSG_ROUTING_INFO][F1_MSG_TYPE][0][IS_F1_MSG_UE_SPECIFIC][0]
  [CUCP_1_1][2023/03/31 05:38:59.044062][APP][common_cntrl_thread.cpp][904][TRC][SCTP_COMMON_MSG_RX_IND_RECEIVED][EXT_MSG_RX_TS_CYCLE][193832680062960][SRC_SCTP_RX][19][DST_GNB_MGR][4]
  [CUCP_1_1][2023/03/31 05:38:59.044065][GNB_MGR][gnb_mgr_msg_hdlr.cpp][961][INF][RECEIVED_F1_COMMON_MESSAGE]
  [CUCP_1_1][2023/03/31 05:38:59.044069][GNB_MGR][gnb_mgr_f1_msg.cpp][1540][INF][RECEIVED_F1_SETUP_REQUEST][GNB_ASSOC_ID][46]
  [CUCP_1_1][2023/03/31 05:38:59.046333][GNB_MGR][gnb_mgr_f1_msg.cpp][889][TRC][PROCESS_F1_SETUP_REQUEST][F1_SETUP_NR_CGI_NR_CELL_ID_CELL_IDENTITY][1]
  [CUCP_1_1][2023/03/31 05:38:59.046335][GNB_MGR][gnb_mgr_f1_msg.cpp][891][TRC][PROCESS_F1_SETUP_REQUEST][CELL_CONFIG_NR_CELL_ID_CELL_IDENTITY][1]
  [CUCP_1_1][2023/03/31 05:38:59.046337][GNB_MGR][gnb_mgr_f1_msg.cpp][889][TRC][PROCESS_F1_SETUP_REQUEST][F1_SETUP_NR_CGI_NR_CELL_ID_CELL_IDENTITY][2]
  [CUCP_1_1][2023/03/31 05:38:59.046338][GNB_MGR][gnb_mgr_f1_msg.cpp][891][TRC][PROCESS_F1_SETUP_REQUEST][CELL_CONFIG_NR_CELL_ID_CELL_IDENTITY][2]
  [CUCP_1_1][2023/03/31 05:38:59.046340][GNB_MGR][gnb_mgr_f1_msg.cpp][889][TRC][PROCESS_F1_SETUP_REQUEST][F1_SETUP_NR_CGI_NR_CELL_ID_CELL_IDENTITY][3]
  [CUCP_1_1][2023/03/31 05:38:59.046341][GNB_MGR][gnb_mgr_f1_msg.cpp][891][TRC][PROCESS_F1_SETUP_REQUEST][CELL_CONFIG_NR_CELL_ID_CELL_IDENTITY][3]
  [CUCP_1_1][2023/03/31 05:38:59.046342][GNB_MGR][gnb_mgr_f1_msg.cpp][889][TRC][PROCESS_F1_SETUP_REQUEST][F1_SETUP_NR_CGI_NR_CELL_ID_CELL_IDENTITY][4]
  [CUCP_1_1][2023/03/31 05:38:59.046343][GNB_MGR][gnb_mgr_f1_msg.cpp][891][TRC][PROCESS_F1_SETUP_REQUEST][CELL_CONFIG_NR_CELL_ID_CELL_IDENTITY][4]
  [CUCP_1_1][2023/03/31 05:38:59.046344][GNB_MGR][gnb_mgr_f1_msg.cpp][889][TRC][PROCESS_F1_SETUP_REQUEST][F1_SETUP_NR_CGI_NR_CELL_ID_CELL_IDENTITY][5]
  [CUCP_1_1][2023/03/31 05:38:59.046345][GNB_MGR][gnb_mgr_f1_msg.cpp][891][TRC][PROCESS_F1_SETUP_REQUEST][CELL_CONFIG_NR_CELL_ID_CELL_IDENTITY][5]
  [CUCP_1_1][2023/03/31 05:38:59.046346][GNB_MGR][gnb_mgr_f1_msg.cpp][889][TRC][PROCESS_F1_SETUP_REQUEST][F1_SETUP_NR_CGI_NR_CELL_ID_CELL_IDENTITY][6]
  [CUCP_1_1][2023/03/31 05:38:59.046347][GNB_MGR][gnb_mgr_f1_msg.cpp][891][TRC][PROCESS_F1_SETUP_REQUEST][CELL_CONFIG_NR_CELL_ID_CELL_IDENTITY][6]
  [CUCP_1_1][2023/03/31 05:38:59.046351][GNB_MGR][gnb_mgr_db.cpp][4691][TRC][GNB_MGR_ADD_REPORTED_SLICE_LIST]
  [CUCP_1_1][2023/03/31 05:38:59.046462][GNB_MGR][gnb_mgr_db.cpp][4568][TRC][GNB_MGR_SLICE_CONFIG_ADDED_TO_SLICE_LIST_IN_CREATE_SLICE_LIST_TAC_PRESENT][TAC][1]
  [CUCP_1_1][2023/03/31 05:38:59.046527][APP][sctp_cntrl_thread.cpp][143][TRC][SCTP_CLIENT_SETUP_REQ_RECEIVED][INT_MSG_RX_TS_CYCLE][193832685472744][SRC_GNB_MGR][4][DST_SCTP][17]
  [CUCP_1_1][2023/03/31 05:38:59.046989][SCTP_CNTRL][sctp_cntrl_msg_hdlr.cpp][524][TRC][SCTP_NG_CLIENT_THREAD_CREATED][SCTP_THREAD_ID][8]
  [CUCP_1_1][2023/03/31 05:38:59.047109][APP][common_cntrl_thread.cpp][852][TRC][SCTP_CLIENT_SETUP_RSP_RECEIVED][INT_MSG_RX_TS_CYCLE][193832686748102][SRC_SCTP][17][DST_GNB_MGR][4]
  [CUCP_1_1][2023/03/31 05:38:59.047113][GNB_MGR][gnb_mgr_db.cpp][5558][TRC][NG_CLIENT_SETUP_COMPLETE_RECEIVED_IN_GNB_MGR_STATE_CONFIGURED]
  [CUCP_1_1][2023/03/31 05:38:59.047649][APP][common_cntrl_thread.cpp][878][TRC][SCTP_ASSOC_UP_IND_RECEIVED][EXT_MSG_RX_TS_CYCLE][193832687933954][SRC_SCTP_RX][19][DST_GNB_MGR][4]
  [CUCP_1_1][2023/03/31 05:38:59.048379][GNB_MGR][gnb_mgr_db_amf.cpp][161][INF][SENDING_NG_SETUP_REQUEST][GNB_MGR_AMF_ID][1]
  [CUCP_1_1][2023/03/31 05:38:59.048383][APP][gnb_mgr_msg_comm.cpp][606][TRC][SCTP_MSG_TX_REQ_RECEIVED_IN_COMMON_CNTRL_THREAD][INT_MSG_RX_TS_CYCLE][193832689545140][SRC_SCTP_TX][18][DST_SCTP_TX][18]
  [CUCP_1_1][2023/03/31 05:38:59.048487][APP][gnb_mgr_msg_comm.cpp][625][TRC][SCTP_MSG_TX_REQ_PROCESSED_IN_COMMON_CNTRL_THREAD][INT_MSG_RX_TS_CYCLE][193832689774366][SRC_SCTP_TX][18][DST_SCTP_TX][18]
  [CUCP_1_1][2023/03/31 05:38:59.048511][GNB_MGR][cu_fm_alarm_msg.cpp][73][TRC][GNB_MGR_CLEAR_ALARM][GNB_MGR_ALARM_TYPE][2][GNB_MGR_ALARM_LEVEL_ONE_ID][0][GNB_MGR_ALARM_LEVEL_TWO_ID][0]
  [CUCP_1_1][2023/03/31 05:38:59.048538][OAM_LIB][AgentSubscriberImpl.cpp][105][INF][MessageReceived:44]
  [CUCP_1_1][2023/03/31 05:38:59.048595][FM][fm.cpp][1389][ERR][NGC_ALARM_AMF_COMM_DOWN_CLEARED_FAILED][GNB_INDEX][0][NGC_INDEX][0]
  [CUCP_1_1][2023/03/31 05:38:59.049318][NGAP_CODEC][ng_msg_header.cpp][265][TRC][NG_MSG_ROUTING_INFO][NG_MSG_TYPE][5377][IS_NG_MSG_UE_SPECIFIC][0]
  [CUCP_1_1][2023/03/31 05:38:59.049353][APP][common_cntrl_thread.cpp][904][TRC][SCTP_COMMON_MSG_RX_IND_RECEIVED][EXT_MSG_RX_TS_CYCLE][193832691674724][SRC_SCTP_RX][19][DST_GNB_MGR][4]
  [CUCP_1_1][2023/03/31 05:38:59.049357][GNB_MGR][gnb_mgr_msg_hdlr.cpp][1010][INF][RECEIVED_NGAP_COMMON_MSG]
  [CUCP_1_1][2023/03/31 05:38:59.049360][GNB_MGR][gnb_mgr_ng_msg.cpp][372][INF][RECEIVED_NG_SETUP_RESPONSE][GNB_MGR_AMF_ID][1]
  [CUCP_1_1][2023/03/31 05:38:59.049676][GNB_MGR][cu_fm_alarm_msg.cpp][73][TRC][GNB_MGR_CLEAR_ALARM][GNB_MGR_ALARM_TYPE][3][GNB_MGR_ALARM_LEVEL_ONE_ID][0][GNB_MGR_ALARM_LEVEL_TWO_ID][0]
  [CUCP_1_1][2023/03/31 05:38:59.049686][GNB_MGR][gnb_mgr_db_amf.cpp][315][TRC][NG_SETUP_SUCCESSFUL]
  [CUCP_1_1][2023/03/31 05:38:59.049694][OAM_LIB][AgentSubscriberImpl.cpp][105][INF][MessageReceived:44]
  [CUCP_1_1][2023/03/31 05:38:59.049767][FM][fm.cpp][1486][ERR][NGC_ALARM_NG_SETUP_FAILURE_CLEARED_FAILED][GNB_INDEX][0][NGC_INDEX][0]
  [CUCP_1_1][2023/03/31 05:38:59.049767][APP][rm_thread.cpp][259][TRC][RM_AMF_CONFIG_REQ_RECEIVED][INT_MSG_RX_TS_CYCLE][193832692582552][SRC_GNB_MGR][4][DST_RM][6][APP_AMF_ID][1]
  [CUCP_1_1][2023/03/31 05:38:59.049776][RM][rm_db.cpp][430][TRC][AMF_ADDED][AMF_ID][1]
  [CUCP_1_1][2023/03/31 05:38:59.049780][RM][rm_msg_hdlr.cpp][5231][TRC][UPDATE_AMF_NGAP_OPERATIONAL_STATE][RM_AMF_ID][1][RM_AMF_OP_STATE][1]
  [CUCP_1_1][2023/03/31 05:38:59.049782][RM][rm_msg_hdlr.cpp][5247][TRC][SENDING_AMF_CONFIG_RSP][AMF_ID][1]
  [CUCP_1_1][2023/03/31 05:38:59.049786][APP][rm_thread.cpp][265][TRC][RM_AMF_CONFIG_REQ_PROCESSED][INT_MSG_RX_TS_CYCLE][193832692625136][SRC_GNB_MGR][4][DST_RM][6][APP_AMF_ID][1]
  [CUCP_1_1][2023/03/31 05:38:59.049793][APP][common_cntrl_thread.cpp][281][TRC][RM_AMF_CONFIG_RSP_RECEIVED][INT_MSG_RX_TS_CYCLE][193832692640984][SRC_RM][6][DST_GNB_MGR][4][APP_AMF_ID][1]
  [CUCP_1_1][2023/03/31 05:38:59.049838][APP][rm_thread.cpp][984][TRC][RM_DU_CONFIG_REQ_RECEIVED][INT_MSG_RX_TS_CYCLE][193832692739464][SRC_GNB_MGR][4][DST_RM][6][APP_DU_ID][1]
  [CUCP_1_1][2023/03/31 05:38:59.049913][RM][rm_db.cpp][2102][TRC][DU_ADDED][GNB_DU_ID][1]
  [CUCP_1_1][2023/03/31 05:38:59.049916][RM][rm_msg_hdlr.cpp][2052][TRC][SENDING_DU_CONFIG_RSP][GNB_DU_ID][1]
  [CUCP_1_1][2023/03/31 05:38:59.049919][APP][rm_thread.cpp][990][TRC][RM_DU_CONFIG_REQ_PROCESSED][INT_MSG_RX_TS_CYCLE][193832692916752][SRC_GNB_MGR][4][DST_RM][6][APP_DU_ID][1]
  [CUCP_1_1][2023/03/31 05:38:59.049920][APP][rm_thread.cpp][122][TRC][RM_CU_CONFIG_UPDATE_IND_RECEIVED][INT_MSG_RX_TS_CYCLE][193832692919132][SRC_GNB_MGR][4][DST_RM][6]
  [CUCP_1_1][2023/03/31 05:38:59.049922][RM][rm_db.cpp][3146][TRC][GET_CUUP_E1AP_OPERATIONAL_STATE][RM_CU_UP_OP_STATE][1][RM_GNB_CU_UP_ID][1]
  [CUCP_1_1][2023/03/31 05:38:59.049923][RM][rm_db.cpp][3120][TRC][GET_AMF_NGAP_OPERATIONAL_STATE][RM_AMF_OP_STATE][1][RM_AMF_ID][1]
  [CUCP_1_1][2023/03/31 05:38:59.049925][APP][rm_thread.cpp][127][TRC][RM_CU_CONFIG_UPDATE_IND_PROCESSED][INT_MSG_RX_TS_CYCLE][193832692930452][SRC_GNB_MGR][4][DST_RM][6]
  [CUCP_1_1][2023/03/31 05:38:59.049930][APP][common_cntrl_thread.cpp][619][TRC][RM_DU_CONFIG_RSP_RECEIVED][INT_MSG_RX_TS_CYCLE][193832692942296][SRC_RM][6][DST_GNB_MGR][4][APP_DU_ID][1]
  [CUCP_1_1][2023/03/31 05:38:59.054550][GNB_MGR][gnb_mgr_db.cpp][1091][TRC][GNB_MGR_ADD_CELL][GNODEB_CELL_ID][0]
  [CUCP_1_1][2023/03/31 05:38:59.054630][GNB_MGR][gnb_mgr_db.cpp][1091][TRC][GNB_MGR_ADD_CELL][GNODEB_CELL_ID][1]
  [CUCP_1_1][2023/03/31 05:38:59.054718][GNB_MGR][gnb_mgr_db.cpp][1091][TRC][GNB_MGR_ADD_CELL][GNODEB_CELL_ID][2]
  [CUCP_1_1][2023/03/31 05:38:59.054794][GNB_MGR][gnb_mgr_db.cpp][1091][TRC][GNB_MGR_ADD_CELL][GNODEB_CELL_ID][3]
  [CUCP_1_1][2023/03/31 05:38:59.054869][GNB_MGR][gnb_mgr_db.cpp][1091][TRC][GNB_MGR_ADD_CELL][GNODEB_CELL_ID][4]
  [CUCP_1_1][2023/03/31 05:38:59.054943][GNB_MGR][gnb_mgr_db.cpp][1091][TRC][GNB_MGR_ADD_CELL][GNODEB_CELL_ID][5]
  [CUCP_1_1][2023/03/31 05:38:59.055093][GNB_MGR][gnb_mgr_db.cpp][153][TRC][GNB_MGR_SSB_SCS][GNB_MGR_SSB_SCS_VAL][3]
  [CUCP_1_1][2023/03/31 05:38:59.055125][GNB_MGR][gnb_mgr_db_cell.cpp][689][TRC][GNB_MGR_MAX_RM_CELL_CONFIG_PARAMS_IN_DU_STATE_RM_DU_CONFIG_ONGOING][SSB_TDD_ARFCN][2079415]
  [CUCP_1_1][2023/03/31 05:38:59.055126][GNB_MGR][gnb_mgr_db_cell.cpp][709][TRC][GNB_MGR_MAX_RM_CELL_MTC_PARAMS_UPDATED_SUCCESSFULLY][SSB_SF20_PRESENCE][1][SSB_SF20][1]
  [CUCP_1_1][2023/03/31 05:38:59.055139][GNB_MGR][gnb_mgr_rm_builder.cpp][707][TRC][RM_NR_CELLS_CONFIG][GNB_MGR_CELL_IDX][0][GNB_MGR_NUM_NR_NEIGHBOURS][1]
  [CUCP_1_1][2023/03/31 05:38:59.055141][GNB_MGR][gnb_mgr_rm_builder.cpp][712][TRC][RM_NR_CELLS_CONFIG][GNB_MGR_CELL_IDX][0][GNB_MGR_NUM_EUTRA_NEIGHBOURS][0]
  [CUCP_1_1][2023/03/31 05:38:59.055181][GNB_MGR][gnb_mgr_db.cpp][153][TRC][GNB_MGR_SSB_SCS][GNB_MGR_SSB_SCS_VAL][3]
  [CUCP_1_1][2023/03/31 05:38:59.055201][GNB_MGR][gnb_mgr_db_cell.cpp][689][TRC][GNB_MGR_MAX_RM_CELL_CONFIG_PARAMS_IN_DU_STATE_RM_DU_CONFIG_ONGOING][SSB_TDD_ARFCN][2079415]
  [CUCP_1_1][2023/03/31 05:38:59.055202][GNB_MGR][gnb_mgr_db_cell.cpp][709][TRC][GNB_MGR_MAX_RM_CELL_MTC_PARAMS_UPDATED_SUCCESSFULLY][SSB_SF20_PRESENCE][1][SSB_SF20][1]
  [CUCP_1_1][2023/03/31 05:38:59.055212][GNB_MGR][gnb_mgr_rm_builder.cpp][707][TRC][RM_NR_CELLS_CONFIG][GNB_MGR_CELL_IDX][0][GNB_MGR_NUM_NR_NEIGHBOURS][1]
  [CUCP_1_1][2023/03/31 05:38:59.055213][GNB_MGR][gnb_mgr_rm_builder.cpp][712][TRC][RM_NR_CELLS_CONFIG][GNB_MGR_CELL_IDX][0][GNB_MGR_NUM_EUTRA_NEIGHBOURS][0]
  [CUCP_1_1][2023/03/31 05:38:59.055243][GNB_MGR][gnb_mgr_db.cpp][153][TRC][GNB_MGR_SSB_SCS][GNB_MGR_SSB_SCS_VAL][3]
  [CUCP_1_1][2023/03/31 05:38:59.055264][GNB_MGR][gnb_mgr_db_cell.cpp][689][TRC][GNB_MGR_MAX_RM_CELL_CONFIG_PARAMS_IN_DU_STATE_RM_DU_CONFIG_ONGOING][SSB_TDD_ARFCN][2079415]
  [CUCP_1_1][2023/03/31 05:38:59.055264][GNB_MGR][gnb_mgr_db_cell.cpp][709][TRC][GNB_MGR_MAX_RM_CELL_MTC_PARAMS_UPDATED_SUCCESSFULLY][SSB_SF20_PRESENCE][1][SSB_SF20][1]
  [CUCP_1_1][2023/03/31 05:38:59.055292][GNB_MGR][gnb_mgr_rm_builder.cpp][707][TRC][RM_NR_CELLS_CONFIG][GNB_MGR_CELL_IDX][0][GNB_MGR_NUM_NR_NEIGHBOURS][1]
  [CUCP_1_1][2023/03/31 05:38:59.055293][GNB_MGR][gnb_mgr_rm_builder.cpp][712][TRC][RM_NR_CELLS_CONFIG][GNB_MGR_CELL_IDX][0][GNB_MGR_NUM_EUTRA_NEIGHBOURS][0]
  [CUCP_1_1][2023/03/31 05:38:59.055323][GNB_MGR][gnb_mgr_db.cpp][153][TRC][GNB_MGR_SSB_SCS][GNB_MGR_SSB_SCS_VAL][3]
  [CUCP_1_1][2023/03/31 05:38:59.055344][GNB_MGR][gnb_mgr_db_cell.cpp][689][TRC][GNB_MGR_MAX_RM_CELL_CONFIG_PARAMS_IN_DU_STATE_RM_DU_CONFIG_ONGOING][SSB_TDD_ARFCN][2079415]
  [CUCP_1_1][2023/03/31 05:38:59.055345][GNB_MGR][gnb_mgr_db_cell.cpp][709][TRC][GNB_MGR_MAX_RM_CELL_MTC_PARAMS_UPDATED_SUCCESSFULLY][SSB_SF20_PRESENCE][1][SSB_SF20][1]
  [CUCP_1_1][2023/03/31 05:38:59.055354][GNB_MGR][gnb_mgr_rm_builder.cpp][707][TRC][RM_NR_CELLS_CONFIG][GNB_MGR_CELL_IDX][0][GNB_MGR_NUM_NR_NEIGHBOURS][1]
  [CUCP_1_1][2023/03/31 05:38:59.055355][GNB_MGR][gnb_mgr_rm_builder.cpp][712][TRC][RM_NR_CELLS_CONFIG][GNB_MGR_CELL_IDX][0][GNB_MGR_NUM_EUTRA_NEIGHBOURS][0]
  [CUCP_1_1][2023/03/31 05:38:59.055386][GNB_MGR][gnb_mgr_db.cpp][153][TRC][GNB_MGR_SSB_SCS][GNB_MGR_SSB_SCS_VAL][3]
  [CUCP_1_1][2023/03/31 05:38:59.055405][GNB_MGR][gnb_mgr_db_cell.cpp][689][TRC][GNB_MGR_MAX_RM_CELL_CONFIG_PARAMS_IN_DU_STATE_RM_DU_CONFIG_ONGOING][SSB_TDD_ARFCN][2079415]
  [CUCP_1_1][2023/03/31 05:38:59.055406][GNB_MGR][gnb_mgr_db_cell.cpp][709][TRC][GNB_MGR_MAX_RM_CELL_MTC_PARAMS_UPDATED_SUCCESSFULLY][SSB_SF20_PRESENCE][1][SSB_SF20][1]
  [CUCP_1_1][2023/03/31 05:38:59.055414][GNB_MGR][gnb_mgr_rm_builder.cpp][707][TRC][RM_NR_CELLS_CONFIG][GNB_MGR_CELL_IDX][0][GNB_MGR_NUM_NR_NEIGHBOURS][1]
  [CUCP_1_1][2023/03/31 05:38:59.055415][GNB_MGR][gnb_mgr_rm_builder.cpp][712][TRC][RM_NR_CELLS_CONFIG][GNB_MGR_CELL_IDX][0][GNB_MGR_NUM_EUTRA_NEIGHBOURS][0]
  [CUCP_1_1][2023/03/31 05:38:59.055444][GNB_MGR][gnb_mgr_db.cpp][153][TRC][GNB_MGR_SSB_SCS][GNB_MGR_SSB_SCS_VAL][3]
  [CUCP_1_1][2023/03/31 05:38:59.055463][GNB_MGR][gnb_mgr_db_cell.cpp][689][TRC][GNB_MGR_MAX_RM_CELL_CONFIG_PARAMS_IN_DU_STATE_RM_DU_CONFIG_ONGOING][SSB_TDD_ARFCN][2079415]
  [CUCP_1_1][2023/03/31 05:38:59.055464][GNB_MGR][gnb_mgr_db_cell.cpp][709][TRC][GNB_MGR_MAX_RM_CELL_MTC_PARAMS_UPDATED_SUCCESSFULLY][SSB_SF20_PRESENCE][1][SSB_SF20][1]
  [CUCP_1_1][2023/03/31 05:38:59.055473][GNB_MGR][gnb_mgr_rm_builder.cpp][707][TRC][RM_NR_CELLS_CONFIG][GNB_MGR_CELL_IDX][0][GNB_MGR_NUM_NR_NEIGHBOURS][1]
  [CUCP_1_1][2023/03/31 05:38:59.055474][GNB_MGR][gnb_mgr_rm_builder.cpp][712][TRC][RM_NR_CELLS_CONFIG][GNB_MGR_CELL_IDX][0][GNB_MGR_NUM_EUTRA_NEIGHBOURS][0]
  [CUCP_1_1][2023/03/31 05:38:59.055518][APP][rm_thread.cpp][1003][TRC][RM_CELLS_CONFIG_REQ_RECEIVED][INT_MSG_RX_TS_CYCLE][193832705204578][SRC_GNB_MGR][4][DST_RM][6][APP_DU_ID][1]
  [CUCP_1_1][2023/03/31 05:38:59.058334][RM][rm_db.cpp][103][WRN][RM_CELL_NOT_FOUND][RM_GNB_CELL_ID][0]
  [CUCP_1_1][2023/03/31 05:38:59.058392][RM][rm_db.cpp][123][TRC][CELL_ADDED][RM_GNB_CELL_ID][0]
  [CUCP_1_1][2023/03/31 05:38:59.058403][RM][rm_db.h][2970][TRC][RM_ADD_CELL_CONFIG][GNB_DU_ID][1][RM_GNB_CELL_ID][0][NR_PCI][1][NR_FREQ_BAND_IND][257][ARFCN][2079415]
  [CUCP_1_1][2023/03/31 05:38:59.058412][RM][rm_db.h][3002][TRC][RM_ADD_CELL_CONFIG][IRAT_HO_SUPPORT][0][PREFERRED_IRAT_MEAS_EVENT][0][UE_CAP_TRIGGER_AFTER_SMC_PROC][1][NR_MODE][1]
  [CUCP_1_1][2023/03/31 05:38:59.058416][RM][rm_msg_hdlr.cpp][360][TRC][PROCESS_RM_CELLS_CONFIG_REQ][RM_CELL_IDX][0][RM_SERVING_CELL_INFO_PCI_VALUE][1]
  [CUCP_1_1][2023/03/31 05:38:59.058416][RM][rm_msg_hdlr.cpp][369][TRC][SENDING_RM_DU_CONFIG_REQ][RM_CELL_IDX][0][RM_NUM_NR_NEIGHBOURS][1]
  [CUCP_1_1][2023/03/31 05:38:59.058443][RM][rm_msg_hdlr.cpp][383][TRC][STORING_NR_NEIGHBOR_CELL_RELATIONIDX_RM_CELL_CONFIG][NR_NEIGHBOR_RELATIONIDX][0]
  [CUCP_1_1][2023/03/31 05:38:59.058444][RM][rm_db.cpp][1292][TRC][QOS_ENTRY_ADDED_IN_ADD_QOS_CONFIG][FIVE_QI][9]
  [CUCP_1_1][2023/03/31 05:38:59.058445][RM][rm_db.cpp][1292][TRC][QOS_ENTRY_ADDED_IN_ADD_QOS_CONFIG][FIVE_QI][5]
  [CUCP_1_1][2023/03/31 05:38:59.058446][RM][rm_db.cpp][1292][TRC][QOS_ENTRY_ADDED_IN_ADD_QOS_CONFIG][FIVE_QI][0]
  [CUCP_1_1][2023/03/31 05:38:59.058447][RM][rm_db.cpp][1292][TRC][QOS_ENTRY_ADDED_IN_ADD_QOS_CONFIG][FIVE_QI][1]
  [CUCP_1_1][2023/03/31 05:38:59.058448][RM][rm_db.cpp][1292][TRC][QOS_ENTRY_ADDED_IN_ADD_QOS_CONFIG][FIVE_QI][2]
  [CUCP_1_1][2023/03/31 05:38:59.058450][RM][rm_db.cpp][103][WRN][RM_CELL_NOT_FOUND][RM_GNB_CELL_ID][1]
  [CUCP_1_1][2023/03/31 05:38:59.058502][RM][rm_db.cpp][123][TRC][CELL_ADDED][RM_GNB_CELL_ID][1]
  [CUCP_1_1][2023/03/31 05:38:59.058506][RM][rm_db.h][2970][TRC][RM_ADD_CELL_CONFIG][GNB_DU_ID][1][RM_GNB_CELL_ID][1][NR_PCI][2][NR_FREQ_BAND_IND][257][ARFCN][2079415]
  [CUCP_1_1][2023/03/31 05:38:59.058516][RM][rm_db.h][3002][TRC][RM_ADD_CELL_CONFIG][IRAT_HO_SUPPORT][0][PREFERRED_IRAT_MEAS_EVENT][0][UE_CAP_TRIGGER_AFTER_SMC_PROC][1][NR_MODE][1]
  [CUCP_1_1][2023/03/31 05:38:59.058519][RM][rm_msg_hdlr.cpp][360][TRC][PROCESS_RM_CELLS_CONFIG_REQ][RM_CELL_IDX][1][RM_SERVING_CELL_INFO_PCI_VALUE][2]
  [CUCP_1_1][2023/03/31 05:38:59.058520][RM][rm_msg_hdlr.cpp][369][TRC][SENDING_RM_DU_CONFIG_REQ][RM_CELL_IDX][1][RM_NUM_NR_NEIGHBOURS][1]
  [CUCP_1_1][2023/03/31 05:38:59.058553][RM][rm_msg_hdlr.cpp][383][TRC][STORING_NR_NEIGHBOR_CELL_RELATIONIDX_RM_CELL_CONFIG][NR_NEIGHBOR_RELATIONIDX][0]
  [CUCP_1_1][2023/03/31 05:38:59.058554][RM][rm_db.cpp][1292][TRC][QOS_ENTRY_ADDED_IN_ADD_QOS_CONFIG][FIVE_QI][9]
  [CUCP_1_1][2023/03/31 05:38:59.058554][RM][rm_db.cpp][1292][TRC][QOS_ENTRY_ADDED_IN_ADD_QOS_CONFIG][FIVE_QI][5]
  [CUCP_1_1][2023/03/31 05:38:59.058555][RM][rm_db.cpp][1292][TRC][QOS_ENTRY_ADDED_IN_ADD_QOS_CONFIG][FIVE_QI][0]
  [CUCP_1_1][2023/03/31 05:38:59.058556][RM][rm_db.cpp][1292][TRC][QOS_ENTRY_ADDED_IN_ADD_QOS_CONFIG][FIVE_QI][1]
  [CUCP_1_1][2023/03/31 05:38:59.058556][RM][rm_db.cpp][1292][TRC][QOS_ENTRY_ADDED_IN_ADD_QOS_CONFIG][FIVE_QI][2]
  [CUCP_1_1][2023/03/31 05:38:59.058557][RM][rm_db.cpp][103][WRN][RM_CELL_NOT_FOUND][RM_GNB_CELL_ID][2]
  [CUCP_1_1][2023/03/31 05:38:59.058623][RM][rm_db.cpp][123][TRC][CELL_ADDED][RM_GNB_CELL_ID][2]
  [CUCP_1_1][2023/03/31 05:38:59.058627][RM][rm_db.h][2970][TRC][RM_ADD_CELL_CONFIG][GNB_DU_ID][1][RM_GNB_CELL_ID][2][NR_PCI][3][NR_FREQ_BAND_IND][257][ARFCN][2079415]
  [CUCP_1_1][2023/03/31 05:38:59.058639][RM][rm_db.h][3002][TRC][RM_ADD_CELL_CONFIG][IRAT_HO_SUPPORT][0][PREFERRED_IRAT_MEAS_EVENT][0][UE_CAP_TRIGGER_AFTER_SMC_PROC][1][NR_MODE][1]
  [CUCP_1_1][2023/03/31 05:38:59.058642][RM][rm_msg_hdlr.cpp][360][TRC][PROCESS_RM_CELLS_CONFIG_REQ][RM_CELL_IDX][2][RM_SERVING_CELL_INFO_PCI_VALUE][3]
  [CUCP_1_1][2023/03/31 05:38:59.058643][RM][rm_msg_hdlr.cpp][369][TRC][SENDING_RM_DU_CONFIG_REQ][RM_CELL_IDX][2][RM_NUM_NR_NEIGHBOURS][1]
  [CUCP_1_1][2023/03/31 05:38:59.058678][RM][rm_msg_hdlr.cpp][383][TRC][STORING_NR_NEIGHBOR_CELL_RELATIONIDX_RM_CELL_CONFIG][NR_NEIGHBOR_RELATIONIDX][0]
  [CUCP_1_1][2023/03/31 05:38:59.058679][RM][rm_db.cpp][1292][TRC][QOS_ENTRY_ADDED_IN_ADD_QOS_CONFIG][FIVE_QI][9]
  [CUCP_1_1][2023/03/31 05:38:59.058679][RM][rm_db.cpp][1292][TRC][QOS_ENTRY_ADDED_IN_ADD_QOS_CONFIG][FIVE_QI][5]
  [CUCP_1_1][2023/03/31 05:38:59.058680][RM][rm_db.cpp][1292][TRC][QOS_ENTRY_ADDED_IN_ADD_QOS_CONFIG][FIVE_QI][0]
  [CUCP_1_1][2023/03/31 05:38:59.058681][RM][rm_db.cpp][1292][TRC][QOS_ENTRY_ADDED_IN_ADD_QOS_CONFIG][FIVE_QI][1]
  [CUCP_1_1][2023/03/31 05:38:59.058682][RM][rm_db.cpp][1292][TRC][QOS_ENTRY_ADDED_IN_ADD_QOS_CONFIG][FIVE_QI][2]
  [CUCP_1_1][2023/03/31 05:38:59.058683][RM][rm_db.cpp][103][WRN][RM_CELL_NOT_FOUND][RM_GNB_CELL_ID][3]
  [CUCP_1_1][2023/03/31 05:38:59.058746][RM][rm_db.cpp][123][TRC][CELL_ADDED][RM_GNB_CELL_ID][3]
  [CUCP_1_1][2023/03/31 05:38:59.058750][RM][rm_db.h][2970][TRC][RM_ADD_CELL_CONFIG][GNB_DU_ID][1][RM_GNB_CELL_ID][3][NR_PCI][4][NR_FREQ_BAND_IND][257][ARFCN][2079415]
  [CUCP_1_1][2023/03/31 05:38:59.058766][RM][rm_db.h][3002][TRC][RM_ADD_CELL_CONFIG][IRAT_HO_SUPPORT][0][PREFERRED_IRAT_MEAS_EVENT][0][UE_CAP_TRIGGER_AFTER_SMC_PROC][1][NR_MODE][1]
  [CUCP_1_1][2023/03/31 05:38:59.058768][RM][rm_msg_hdlr.cpp][360][TRC][PROCESS_RM_CELLS_CONFIG_REQ][RM_CELL_IDX][3][RM_SERVING_CELL_INFO_PCI_VALUE][4]
  [CUCP_1_1][2023/03/31 05:38:59.058768][RM][rm_msg_hdlr.cpp][369][TRC][SENDING_RM_DU_CONFIG_REQ][RM_CELL_IDX][3][RM_NUM_NR_NEIGHBOURS][1]
  [CUCP_1_1][2023/03/31 05:38:59.058801][RM][rm_msg_hdlr.cpp][383][TRC][STORING_NR_NEIGHBOR_CELL_RELATIONIDX_RM_CELL_CONFIG][NR_NEIGHBOR_RELATIONIDX][0]
  [CUCP_1_1][2023/03/31 05:38:59.058802][RM][rm_db.cpp][1292][TRC][QOS_ENTRY_ADDED_IN_ADD_QOS_CONFIG][FIVE_QI][9]
  [CUCP_1_1][2023/03/31 05:38:59.058803][RM][rm_db.cpp][1292][TRC][QOS_ENTRY_ADDED_IN_ADD_QOS_CONFIG][FIVE_QI][5]
  [CUCP_1_1][2023/03/31 05:38:59.058804][RM][rm_db.cpp][1292][TRC][QOS_ENTRY_ADDED_IN_ADD_QOS_CONFIG][FIVE_QI][0]
  [CUCP_1_1][2023/03/31 05:38:59.058804][RM][rm_db.cpp][1292][TRC][QOS_ENTRY_ADDED_IN_ADD_QOS_CONFIG][FIVE_QI][1]
  [CUCP_1_1][2023/03/31 05:38:59.058811][RM][rm_db.cpp][1292][TRC][QOS_ENTRY_ADDED_IN_ADD_QOS_CONFIG][FIVE_QI][2]
  [CUCP_1_1][2023/03/31 05:38:59.058812][RM][rm_db.cpp][103][WRN][RM_CELL_NOT_FOUND][RM_GNB_CELL_ID][4]
  [CUCP_1_1][2023/03/31 05:38:59.058871][RM][rm_db.cpp][123][TRC][CELL_ADDED][RM_GNB_CELL_ID][4]
  [CUCP_1_1][2023/03/31 05:38:59.058876][RM][rm_db.h][2970][TRC][RM_ADD_CELL_CONFIG][GNB_DU_ID][1][RM_GNB_CELL_ID][4][NR_PCI][5][NR_FREQ_BAND_IND][257][ARFCN][2079415]
  [CUCP_1_1][2023/03/31 05:38:59.058887][RM][rm_db.h][3002][TRC][RM_ADD_CELL_CONFIG][IRAT_HO_SUPPORT][0][PREFERRED_IRAT_MEAS_EVENT][0][UE_CAP_TRIGGER_AFTER_SMC_PROC][1][NR_MODE][1]
  [CUCP_1_1][2023/03/31 05:38:59.058890][RM][rm_msg_hdlr.cpp][360][TRC][PROCESS_RM_CELLS_CONFIG_REQ][RM_CELL_IDX][4][RM_SERVING_CELL_INFO_PCI_VALUE][5]
  [CUCP_1_1][2023/03/31 05:38:59.058890][RM][rm_msg_hdlr.cpp][369][TRC][SENDING_RM_DU_CONFIG_REQ][RM_CELL_IDX][4][RM_NUM_NR_NEIGHBOURS][1]
  [CUCP_1_1][2023/03/31 05:38:59.058926][RM][rm_msg_hdlr.cpp][383][TRC][STORING_NR_NEIGHBOR_CELL_RELATIONIDX_RM_CELL_CONFIG][NR_NEIGHBOR_RELATIONIDX][0]
  [CUCP_1_1][2023/03/31 05:38:59.058927][RM][rm_db.cpp][1292][TRC][QOS_ENTRY_ADDED_IN_ADD_QOS_CONFIG][FIVE_QI][9]
  [CUCP_1_1][2023/03/31 05:38:59.058927][RM][rm_db.cpp][1292][TRC][QOS_ENTRY_ADDED_IN_ADD_QOS_CONFIG][FIVE_QI][5]
  [CUCP_1_1][2023/03/31 05:38:59.058928][RM][rm_db.cpp][1292][TRC][QOS_ENTRY_ADDED_IN_ADD_QOS_CONFIG][FIVE_QI][0]
  [CUCP_1_1][2023/03/31 05:38:59.058929][RM][rm_db.cpp][1292][TRC][QOS_ENTRY_ADDED_IN_ADD_QOS_CONFIG][FIVE_QI][1]
  [CUCP_1_1][2023/03/31 05:38:59.058929][RM][rm_db.cpp][1292][TRC][QOS_ENTRY_ADDED_IN_ADD_QOS_CONFIG][FIVE_QI][2]
  [CUCP_1_1][2023/03/31 05:38:59.058930][RM][rm_db.cpp][103][WRN][RM_CELL_NOT_FOUND][RM_GNB_CELL_ID][5]
  [CUCP_1_1][2023/03/31 05:38:59.058990][RM][rm_db.cpp][123][TRC][CELL_ADDED][RM_GNB_CELL_ID][5]
  [CUCP_1_1][2023/03/31 05:38:59.058995][RM][rm_db.h][2970][TRC][RM_ADD_CELL_CONFIG][GNB_DU_ID][1][RM_GNB_CELL_ID][5][NR_PCI][6][NR_FREQ_BAND_IND][257][ARFCN][2079415]
  [CUCP_1_1][2023/03/31 05:38:59.059005][RM][rm_db.h][3002][TRC][RM_ADD_CELL_CONFIG][IRAT_HO_SUPPORT][0][PREFERRED_IRAT_MEAS_EVENT][0][UE_CAP_TRIGGER_AFTER_SMC_PROC][1][NR_MODE][1]
  [CUCP_1_1][2023/03/31 05:38:59.059009][RM][rm_msg_hdlr.cpp][360][TRC][PROCESS_RM_CELLS_CONFIG_REQ][RM_CELL_IDX][5][RM_SERVING_CELL_INFO_PCI_VALUE][6]
  [CUCP_1_1][2023/03/31 05:38:59.059009][RM][rm_msg_hdlr.cpp][369][TRC][SENDING_RM_DU_CONFIG_REQ][RM_CELL_IDX][5][RM_NUM_NR_NEIGHBOURS][1]
  [CUCP_1_1][2023/03/31 05:38:59.059042][RM][rm_msg_hdlr.cpp][383][TRC][STORING_NR_NEIGHBOR_CELL_RELATIONIDX_RM_CELL_CONFIG][NR_NEIGHBOR_RELATIONIDX][0]
  [CUCP_1_1][2023/03/31 05:38:59.059043][RM][rm_db.cpp][1292][TRC][QOS_ENTRY_ADDED_IN_ADD_QOS_CONFIG][FIVE_QI][9]
  [CUCP_1_1][2023/03/31 05:38:59.059044][RM][rm_db.cpp][1292][TRC][QOS_ENTRY_ADDED_IN_ADD_QOS_CONFIG][FIVE_QI][5]
  [CUCP_1_1][2023/03/31 05:38:59.059044][RM][rm_db.cpp][1292][TRC][QOS_ENTRY_ADDED_IN_ADD_QOS_CONFIG][FIVE_QI][0]
  [CUCP_1_1][2023/03/31 05:38:59.059045][RM][rm_db.cpp][1292][TRC][QOS_ENTRY_ADDED_IN_ADD_QOS_CONFIG][FIVE_QI][1]
  [CUCP_1_1][2023/03/31 05:38:59.059046][RM][rm_db.cpp][1292][TRC][QOS_ENTRY_ADDED_IN_ADD_QOS_CONFIG][FIVE_QI][2]
  [CUCP_1_1][2023/03/31 05:38:59.059124][DSON][son_db.cpp][590][TRC][SON_CELL_ADDED][DSON_GNB_SON_CELL_ID][0]
  [CUCP_1_1][2023/03/31 05:38:59.059169][DSON][son_db.cpp][590][TRC][SON_CELL_ADDED][DSON_GNB_SON_CELL_ID][1]
  [CUCP_1_1][2023/03/31 05:38:59.059211][DSON][son_db.cpp][646][TRC][SON_NEIGHBOUR_CELL_ADDED][DSON_GNB_SON_NEIGHBOUR_CELL_ID][1]
  [CUCP_1_1][2023/03/31 05:38:59.059227][DSON][son_intf_hdlr.cpp][786][TRC][ADDED_SON_NEIGHBOUR_CELL_TO_NEIGHBOUR_RELATION_TABLE][DSON_GNB_SON_NEIGHBOUR_CELL_ID][1]
  [CUCP_1_1][2023/03/31 05:38:59.059247][DSON][son_db.cpp][590][TRC][SON_CELL_ADDED][DSON_GNB_SON_CELL_ID][2]
  [CUCP_1_1][2023/03/31 05:38:59.059256][DSON][son_db.cpp][635][WRN][SON_NEIGHBOUR_CELL_CONTEXT_ALREADY_EXISTS_IN_ADD_SON_NEIGHBOUR_CELL][DSON_GNB_SON_NEIGHBOUR_CELL_ID][1]
  [CUCP_1_1][2023/03/31 05:38:59.059261][DSON][son_intf_hdlr.cpp][786][TRC][ADDED_SON_NEIGHBOUR_CELL_TO_NEIGHBOUR_RELATION_TABLE][DSON_GNB_SON_NEIGHBOUR_CELL_ID][1]
  [CUCP_1_1][2023/03/31 05:38:59.059283][DSON][son_db.cpp][590][TRC][SON_CELL_ADDED][DSON_GNB_SON_CELL_ID][3]
  [CUCP_1_1][2023/03/31 05:38:59.059293][DSON][son_db.cpp][635][WRN][SON_NEIGHBOUR_CELL_CONTEXT_ALREADY_EXISTS_IN_ADD_SON_NEIGHBOUR_CELL][DSON_GNB_SON_NEIGHBOUR_CELL_ID][1]
  [CUCP_1_1][2023/03/31 05:38:59.059294][DSON][son_intf_hdlr.cpp][786][TRC][ADDED_SON_NEIGHBOUR_CELL_TO_NEIGHBOUR_RELATION_TABLE][DSON_GNB_SON_NEIGHBOUR_CELL_ID][1]
  [CUCP_1_1][2023/03/31 05:38:59.059313][DSON][son_db.cpp][590][TRC][SON_CELL_ADDED][DSON_GNB_SON_CELL_ID][4]
  [CUCP_1_1][2023/03/31 05:38:59.059320][DSON][son_db.cpp][635][WRN][SON_NEIGHBOUR_CELL_CONTEXT_ALREADY_EXISTS_IN_ADD_SON_NEIGHBOUR_CELL][DSON_GNB_SON_NEIGHBOUR_CELL_ID][1]
  [CUCP_1_1][2023/03/31 05:38:59.059321][DSON][son_intf_hdlr.cpp][786][TRC][ADDED_SON_NEIGHBOUR_CELL_TO_NEIGHBOUR_RELATION_TABLE][DSON_GNB_SON_NEIGHBOUR_CELL_ID][1]
  [CUCP_1_1][2023/03/31 05:38:59.059337][DSON][son_db.cpp][590][TRC][SON_CELL_ADDED][DSON_GNB_SON_CELL_ID][5]
  [CUCP_1_1][2023/03/31 05:38:59.059347][DSON][son_db.cpp][635][WRN][SON_NEIGHBOUR_CELL_CONTEXT_ALREADY_EXISTS_IN_ADD_SON_NEIGHBOUR_CELL][DSON_GNB_SON_NEIGHBOUR_CELL_ID][1]
  [CUCP_1_1][2023/03/31 05:38:59.059348][DSON][son_intf_hdlr.cpp][786][TRC][ADDED_SON_NEIGHBOUR_CELL_TO_NEIGHBOUR_RELATION_TABLE][DSON_GNB_SON_NEIGHBOUR_CELL_ID][1]
  [CUCP_1_1][2023/03/31 05:38:59.060868][RM][rm_neighbour_mgmt.cpp][274][TRC][RECEIVED_TRIGGER_CELLS_ADD_RSP_FROM_DSON]
  [CUCP_1_1][2023/03/31 05:38:59.060871][RM][rm_neighbour_mgmt.cpp][102][TRC][RECEIVED_TRIGGER_SIB3_CONFIG_FROM_DSON]
  [CUCP_1_1][2023/03/31 05:38:59.060874][RM][rm_neighbour_mgmt.cpp][102][TRC][RECEIVED_TRIGGER_SIB3_CONFIG_FROM_DSON]
  [CUCP_1_1][2023/03/31 05:38:59.060874][RM][rm_neighbour_mgmt.cpp][102][TRC][RECEIVED_TRIGGER_SIB3_CONFIG_FROM_DSON]
  [CUCP_1_1][2023/03/31 05:38:59.060876][RM][rm_neighbour_mgmt.cpp][102][TRC][RECEIVED_TRIGGER_SIB3_CONFIG_FROM_DSON]
  [CUCP_1_1][2023/03/31 05:38:59.060877][RM][rm_neighbour_mgmt.cpp][102][TRC][RECEIVED_TRIGGER_SIB3_CONFIG_FROM_DSON]
  [CUCP_1_1][2023/03/31 05:38:59.060878][RM][rm_neighbour_mgmt.cpp][102][TRC][RECEIVED_TRIGGER_SIB3_CONFIG_FROM_DSON]
  [CUCP_1_1][2023/03/31 05:38:59.060879][RM][rm_neighbour_mgmt.cpp][304][TRC][SENDING_CELL_CONFIG_RSP]
  [CUCP_1_1][2023/03/31 05:38:59.060893][RM][rm_msg_hdlr.cpp][793][TRC][TRIGGERED_CELLS_ADD_TO_DSON]
  [CUCP_1_1][2023/03/31 05:38:59.060897][APP][rm_thread.cpp][1009][TRC][RM_CELLS_CONFIG_REQ_PROCESSED][INT_MSG_RX_TS_CYCLE][193832717012994][SRC_GNB_MGR][4][DST_RM][6][APP_DU_ID][1]
  [CUCP_1_1][2023/03/31 05:38:59.060925][APP][common_cntrl_thread.cpp][723][TRC][RM_CELLS_CONFIG_RSP_RECEIVED][INT_MSG_RX_TS_CYCLE][193832717072400][SRC_RM][6][DST_GNB_MGR][4][APP_DU_ID][1]
  [CUCP_1_1][2023/03/31 05:38:59.061069][RRC_CODEC][system_information.cpp][380][TRC][RRC_MSG_ENCODE_SUCCESS_IN_SIB2][RRC_MSG_BUFFER_SIZE][19]
  [CUCP_1_1][2023/03/31 05:38:59.061096][RRC_CODEC][system_information.cpp][255][TRC][RRC_MSG_ENCODE_SUCCESS_IN_SIB3][RRC_MSG_BUFFER_SIZE][3]
  [CUCP_1_1][2023/03/31 05:38:59.061189][RRC_CODEC][system_information.cpp][380][TRC][RRC_MSG_ENCODE_SUCCESS_IN_SIB2][RRC_MSG_BUFFER_SIZE][19]
  [CUCP_1_1][2023/03/31 05:38:59.061220][RRC_CODEC][system_information.cpp][255][TRC][RRC_MSG_ENCODE_SUCCESS_IN_SIB3][RRC_MSG_BUFFER_SIZE][7]
  [CUCP_1_1][2023/03/31 05:38:59.061303][RRC_CODEC][system_information.cpp][380][TRC][RRC_MSG_ENCODE_SUCCESS_IN_SIB2][RRC_MSG_BUFFER_SIZE][19]
  [CUCP_1_1][2023/03/31 05:38:59.061331][RRC_CODEC][system_information.cpp][255][TRC][RRC_MSG_ENCODE_SUCCESS_IN_SIB3][RRC_MSG_BUFFER_SIZE][7]
  [CUCP_1_1][2023/03/31 05:38:59.061412][RRC_CODEC][system_information.cpp][380][TRC][RRC_MSG_ENCODE_SUCCESS_IN_SIB2][RRC_MSG_BUFFER_SIZE][19]
  [CUCP_1_1][2023/03/31 05:38:59.061440][RRC_CODEC][system_information.cpp][255][TRC][RRC_MSG_ENCODE_SUCCESS_IN_SIB3][RRC_MSG_BUFFER_SIZE][7]
  [CUCP_1_1][2023/03/31 05:38:59.061521][RRC_CODEC][system_information.cpp][380][TRC][RRC_MSG_ENCODE_SUCCESS_IN_SIB2][RRC_MSG_BUFFER_SIZE][19]
  [CUCP_1_1][2023/03/31 05:38:59.061549][RRC_CODEC][system_information.cpp][255][TRC][RRC_MSG_ENCODE_SUCCESS_IN_SIB3][RRC_MSG_BUFFER_SIZE][7]
  [CUCP_1_1][2023/03/31 05:38:59.061630][RRC_CODEC][system_information.cpp][380][TRC][RRC_MSG_ENCODE_SUCCESS_IN_SIB2][RRC_MSG_BUFFER_SIZE][19]
  [CUCP_1_1][2023/03/31 05:38:59.061659][RRC_CODEC][system_information.cpp][255][TRC][RRC_MSG_ENCODE_SUCCESS_IN_SIB3][RRC_MSG_BUFFER_SIZE][7]
  [CUCP_1_1][2023/03/31 05:38:59.061960][GNB_MGR][gnb_mgr_f1_msg.cpp][1893][INF][SENDING_F1_SETUP_RESPONSE][GNB_MGR_DU_ID][1]
  [CUCP_1_1][2023/03/31 05:38:59.061963][APP][gnb_mgr_msg_comm.cpp][606][TRC][SCTP_MSG_TX_REQ_RECEIVED_IN_COMMON_CNTRL_THREAD][INT_MSG_RX_TS_CYCLE][193832719351806][SRC_SCTP_TX][18][DST_SCTP_TX][18]
  [CUCP_1_1][2023/03/31 05:38:59.062069][APP][gnb_mgr_msg_comm.cpp][625][TRC][SCTP_MSG_TX_REQ_PROCESSED_IN_COMMON_CNTRL_THREAD][INT_MSG_RX_TS_CYCLE][193832719584074][SRC_SCTP_TX][18][DST_SCTP_TX][18]
  [CUCP_1_1][2023/03/31 05:38:59.062085][GNB_MGR][gnb_mgr_cntrl.cpp][293][TRC][FEATURE_E2_NODE_NOT_ENABLED]
  [CUCP_1_1][2023/03/31 05:38:59.331554][F1AP_CODEC][f1_msg_header.cpp][253][TRC][F1_MSG_ROUTING_INFO][F1_MSG_TYPE][8][IS_F1_MSG_UE_SPECIFIC][0]
  [CUCP_1_1][2023/03/31 05:38:59.331585][APP][common_cntrl_thread.cpp][904][TRC][SCTP_COMMON_MSG_RX_IND_RECEIVED][EXT_MSG_RX_TS_CYCLE][193833311124060][SRC_SCTP_RX][19][DST_GNB_MGR][4]
  [CUCP_1_1][2023/03/31 05:38:59.331589][GNB_MGR][gnb_mgr_msg_hdlr.cpp][961][INF][RECEIVED_F1_COMMON_MESSAGE]
  [CUCP_1_1][2023/03/31 05:38:59.331594][GNB_MGR][gnb_mgr_f1_msg.cpp][1578][INF][RECEIVED_F1_DU_CONFIGURATION_UPDATE][GNB_MGR_DU_ID][1]
  [CUCP_1_1][2023/03/31 05:38:59.338949][GNB_MGR][gnb_mgr_rm_builder.cpp][707][TRC][RM_NR_CELLS_CONFIG][GNB_MGR_CELL_IDX][0][GNB_MGR_NUM_NR_NEIGHBOURS][1]
  [CUCP_1_1][2023/03/31 05:38:59.338952][GNB_MGR][gnb_mgr_rm_builder.cpp][712][TRC][RM_NR_CELLS_CONFIG][GNB_MGR_CELL_IDX][0][GNB_MGR_NUM_EUTRA_NEIGHBOURS][0]
  [CUCP_1_1][2023/03/31 05:38:59.338974][GNB_MGR][gnb_mgr_rm_builder.cpp][707][TRC][RM_NR_CELLS_CONFIG][GNB_MGR_CELL_IDX][0][GNB_MGR_NUM_NR_NEIGHBOURS][1]
  [CUCP_1_1][2023/03/31 05:38:59.338976][GNB_MGR][gnb_mgr_rm_builder.cpp][712][TRC][RM_NR_CELLS_CONFIG][GNB_MGR_CELL_IDX][0][GNB_MGR_NUM_EUTRA_NEIGHBOURS][0]
  [CUCP_1_1][2023/03/31 05:38:59.338999][GNB_MGR][gnb_mgr_rm_builder.cpp][707][TRC][RM_NR_CELLS_CONFIG][GNB_MGR_CELL_IDX][0][GNB_MGR_NUM_NR_NEIGHBOURS][1]
  [CUCP_1_1][2023/03/31 05:38:59.339000][GNB_MGR][gnb_mgr_rm_builder.cpp][712][TRC][RM_NR_CELLS_CONFIG][GNB_MGR_CELL_IDX][0][GNB_MGR_NUM_EUTRA_NEIGHBOURS][0]
  [CUCP_1_1][2023/03/31 05:38:59.339018][GNB_MGR][gnb_mgr_rm_builder.cpp][707][TRC][RM_NR_CELLS_CONFIG][GNB_MGR_CELL_IDX][0][GNB_MGR_NUM_NR_NEIGHBOURS][1]
  [CUCP_1_1][2023/03/31 05:38:59.339019][GNB_MGR][gnb_mgr_rm_builder.cpp][712][TRC][RM_NR_CELLS_CONFIG][GNB_MGR_CELL_IDX][0][GNB_MGR_NUM_EUTRA_NEIGHBOURS][0]
  [CUCP_1_1][2023/03/31 05:38:59.339036][GNB_MGR][gnb_mgr_rm_builder.cpp][707][TRC][RM_NR_CELLS_CONFIG][GNB_MGR_CELL_IDX][0][GNB_MGR_NUM_NR_NEIGHBOURS][1]
  [CUCP_1_1][2023/03/31 05:38:59.339036][GNB_MGR][gnb_mgr_rm_builder.cpp][712][TRC][RM_NR_CELLS_CONFIG][GNB_MGR_CELL_IDX][0][GNB_MGR_NUM_EUTRA_NEIGHBOURS][0]
  [CUCP_1_1][2023/03/31 05:38:59.339052][GNB_MGR][gnb_mgr_rm_builder.cpp][707][TRC][RM_NR_CELLS_CONFIG][GNB_MGR_CELL_IDX][0][GNB_MGR_NUM_NR_NEIGHBOURS][1]
  [CUCP_1_1][2023/03/31 05:38:59.339053][GNB_MGR][gnb_mgr_rm_builder.cpp][712][TRC][RM_NR_CELLS_CONFIG][GNB_MGR_CELL_IDX][0][GNB_MGR_NUM_EUTRA_NEIGHBOURS][0]
  [CUCP_1_1][2023/03/31 05:38:59.339070][GNB_MGR][gnb_mgr_db_du.cpp][1793][TRC][RM_CELLS_CONFIG_REQ_SENT_DU_CONFIG_UPDATE][GNB_MGR_DU_ID][1]
  [CUCP_1_1][2023/03/31 05:38:59.339196][APP][rm_thread.cpp][1003][TRC][RM_CELLS_CONFIG_REQ_RECEIVED][INT_MSG_RX_TS_CYCLE][193833327826724][SRC_GNB_MGR][4][DST_RM][6][APP_DU_ID][1]
  [CUCP_1_1][2023/03/31 05:38:59.340143][RM][rm_msg_hdlr.cpp][768][TRC][SENDING_CELL_CONFIG_RSP]
  [CUCP_1_1][2023/03/31 05:38:59.340174][APP][rm_thread.cpp][1009][TRC][RM_CELLS_CONFIG_REQ_PROCESSED][INT_MSG_RX_TS_CYCLE][193833329974960][SRC_GNB_MGR][4][DST_RM][6][APP_DU_ID][1]
  [CUCP_1_1][2023/03/31 05:38:59.340193][APP][common_cntrl_thread.cpp][723][TRC][RM_CELLS_CONFIG_RSP_RECEIVED][INT_MSG_RX_TS_CYCLE][193833330017630][SRC_RM][6][DST_GNB_MGR][4][APP_DU_ID][1]
  [CUCP_1_1][2023/03/31 05:38:59.340252][GNB_MGR][gnb_mgr_f1_msg.cpp][2352][INF][SENDING_F1_GNB_DU_CONFIGURATION_UPDATE_ACKNOWLEDGEMENT][GNB_MGR_DU_ID][1]
  [CUCP_1_1][2023/03/31 05:38:59.340254][APP][gnb_mgr_msg_comm.cpp][606][TRC][SCTP_MSG_TX_REQ_RECEIVED_IN_COMMON_CNTRL_THREAD][INT_MSG_RX_TS_CYCLE][193833330151028][SRC_SCTP_TX][18][DST_SCTP_TX][18]
  [CUCP_1_1][2023/03/31 05:38:59.340336][APP][gnb_mgr_msg_comm.cpp][625][TRC][SCTP_MSG_TX_REQ_PROCESSED_IN_COMMON_CNTRL_THREAD][INT_MSG_RX_TS_CYCLE][193833330330074][SRC_SCTP_TX][18][DST_SCTP_TX][18]
  [CUCP_1_1][2023/03/31 05:38:59.341036][APP][rm_thread.cpp][1437][TRC][RM_DU_RESET_REQ_RECEIVED][INT_MSG_RX_TS_CYCLE][193833331864836][SRC_GNB_MGR][4][DST_RM][6]
  [CUCP_1_1][2023/03/31 05:38:59.341042][RM][rm_msg_hdlr.cpp][278][TRC][SENDING_RM_DU_RESET_CMD]
  [CUCP_1_1][2023/03/31 05:38:59.341046][APP][rm_thread.cpp][1442][TRC][RM_DU_RESET_REQ_PROCESSED][INT_MSG_RX_TS_CYCLE][193833331888602][SRC_GNB_MGR][4][DST_RM][6]
  [CUCP_1_1][2023/03/31 05:38:59.341087][APP][common_cntrl_thread.cpp][497][TRC][RM_DU_RESET_CMD_RECEIVED][INT_MSG_RX_TS_CYCLE][193833331979208][SRC_RM][6][DST_GNB_MGR][4][APP_DU_ID][1]
  [CUCP_1_1][2023/03/31 05:38:59.341766][GNB_MGR][gnb_mgr_f1_msg.cpp][2059][INF][SENDING_F1_RESET][GNB_MGR_DU_ID][1]
  [CUCP_1_1][2023/03/31 05:38:59.341768][APP][gnb_mgr_msg_comm.cpp][606][TRC][SCTP_MSG_TX_REQ_RECEIVED_IN_COMMON_CNTRL_THREAD][INT_MSG_RX_TS_CYCLE][193833333473592][SRC_SCTP_TX][18][DST_SCTP_TX][18]
  [CUCP_1_1][2023/03/31 05:38:59.341785][APP][gnb_mgr_msg_comm.cpp][625][TRC][SCTP_MSG_TX_REQ_PROCESSED_IN_COMMON_CNTRL_THREAD][INT_MSG_RX_TS_CYCLE][193833333511700][SRC_SCTP_TX][18][DST_SCTP_TX][18]
  [CUCP_1_1][2023/03/31 05:38:59.545254][F1AP_CODEC][f1_msg_header.cpp][253][TRC][F1_MSG_ROUTING_INFO][F1_MSG_TYPE][13][IS_F1_MSG_UE_SPECIFIC][0]
  [CUCP_1_1][2023/03/31 05:38:59.545405][APP][common_cntrl_thread.cpp][904][TRC][SCTP_COMMON_MSG_RX_IND_RECEIVED][EXT_MSG_RX_TS_CYCLE][193833780417284][SRC_SCTP_RX][19][DST_GNB_MGR][4]
  [CUCP_1_1][2023/03/31 05:38:59.545410][GNB_MGR][gnb_mgr_msg_hdlr.cpp][961][INF][RECEIVED_F1_COMMON_MESSAGE]
  [CUCP_1_1][2023/03/31 05:38:59.545494][APP][rm_thread.cpp][1453][TRC][RM_DU_RESET_CNF_RECEIVED][INT_MSG_RX_TS_CYCLE][193833780614844][SRC_GNB_MGR][4][DST_RM][6]
  [CUCP_1_1][2023/03/31 05:38:59.545499][APP][rm_thread.cpp][1458][TRC][RM_DU_RESET_CNF_PROCESSED][INT_MSG_RX_TS_CYCLE][193833780626282][SRC_GNB_MGR][4][DST_RM][6]
  [CUCP_1_1][2023/03/31 05:38:59.752368][F1AP_CODEC][f1_msg_header.cpp][253][TRC][F1_MSG_ROUTING_INFO][F1_MSG_TYPE][25][IS_F1_MSG_UE_SPECIFIC][1]
  [CUCP_1_1][2023/03/31 05:38:59.752402][APP][ue_cntrl_thread.cpp][133][TRC][SCTP_USER_MSG_RX_IND_RECEIVED][EXT_MSG_RX_TS_CYCLE][193834234741446][SRC_SCTP_RX][19][DST_UE_CONN_MGR][7]
  [CUCP_1_1][2023/03/31 05:38:59.752407][UE_CONN_MGR][ue_conn_mgr_f1_msg.cpp][949][INF][RECEIVED_F1_INITIAL_UL_RRC_MESSAGE_TRANSFER]
  [CUCP_1_1][2023/03/31 05:38:59.753068][UE_CONN_MGR][ue_conn_mgr_db.h][3633][TRC][UE_CONN_RESET_MEAS_GAP_CONFIG]
  [CUCP_1_1][2023/03/31 05:38:59.753072][UE_CONN_MGR][ue_conn_mgr_db.cpp][106][TRC][UE_CONN_CREATED][UE_CONN_MGR_GNB_UE_ID][1]
  [CUCP_1_1][2023/03/31 05:38:59.753074][UE_CONN_MGR][ue_conn_mgr_f1_msg.cpp][426][INF][RECEIVED_UU_RRC_SETUP_REQUEST][UE_CONN_MGR_GNB_UE_ID][1][DU_GNB_UE_ID][0][UE_CONN_MGR_CELL_ID][0][C_RNTI][0]
  [CUCP_1_1][2023/03/31 05:38:59.753104][UE_CONN_MGR][ue_conn_mgr_f1_msg.cpp][442][TRC][START_RRC_SETUP_TIMER][UE_CONN_MGR_GNB_UE_ID][1][DU_GNB_UE_ID][0][UE_CONN_MGR_CELL_ID][0][C_RNTI][0]
  [CUCP_1_1][2023/03/31 05:38:59.753106][UE_CONN_MGR][ue_conn_mgr_trans_mgr.cpp][100][TRC][FREE_TRANS_ID_ALLOCATED][UE_CONN_MGR_TRANS_ID][0]
  [CUCP_1_1][2023/03/31 05:38:59.753108][UE_CONN_MGR][ue_conn_mgr_trans_mgr.cpp][178][TRC][CREATING_UE_TRANS_RRC_EST][UE_CONN_MGR_TRANS_ID][0]
  [CUCP_1_1][2023/03/31 05:38:59.753111][UE_CONN_MGR][ue_conn_mgr_trans.cpp][182][TRC][HANDLING_UE_CONN_RRC_SETUP_REQUEST_EVENT][UE_CONN_MGR_GNB_UE_ID][1][DU_GNB_UE_ID][0][UE_CONN_MGR_TRANS_ID][0]
  [CUCP_1_1][2023/03/31 05:38:59.753123][UE_CONN_MGR][ue_conn_mgr_conn_establishment.cpp][204][TRC][PROCESSING_RRC_SETUP_REQUEST_EVENT][UE_CONN_MGR_GNB_UE_ID][1][DU_GNB_UE_ID][0]
  [CUCP_1_1][2023/03/31 05:38:59.753452][APP][ue_cntrl_thread.cpp][151][TRC][SCTP_USER_MSG_RX_IND_PROCESSED][EXT_MSG_RX_TS_CYCLE][193834237044884][SRC_SCTP_RX][19][DST_UE_CONN_MGR][7]
  [CUCP_1_1][2023/03/31 05:38:59.753469][APP][rm_thread.cpp][1230][TRC][RM_UE_CONN_ADD_REQ_RECEIVED][INT_MSG_RX_TS_CYCLE][193834237082950][SRC_UE_CONN_MGR][7][DST_RM][6][APP_GNB_UE_ID][1]
  [CUCP_1_1][2023/03/31 05:38:59.753477][RM][rm_db.cpp][3120][TRC][GET_AMF_NGAP_OPERATIONAL_STATE][RM_AMF_OP_STATE][1][RM_AMF_ID][1]
  [CUCP_1_1][2023/03/31 05:38:59.753479][RM][rm_db.cpp][1569][TRC][PERFORMING_RM_CAC_CHECK][CAC_CAUSE][0][TOTAL_UES_SYS_LEVEL][0][TOTAL_UES_CELL_LEVEL][0][RM_GNB_CELL_ID][0][RM_GNB_UE_ID][1]
  [CUCP_1_1][2023/03/31 05:38:59.753480][RM][rm_db.cpp][1583][INF][UE_ADMISSION_CONTROL_PASSED][RM_GNB_CELL_ID][0][RM_GNB_UE_ID][1]
  [CUCP_1_1][2023/03/31 05:38:59.753971][RM][rm_db.cpp][1987][TRC][UE_ADDED_TO_RM][ESTABLISHMENT_CAUSE][0][RM_GNB_UE_ID][1]
  [CUCP_1_1][2023/03/31 05:38:59.753995][RM][rm_ue_event_hdlr.cpp][5218][TRC][PROCESSING_EVENT_IN_RM_UE_STATE_UE_IDLE][RM_UE_EVENT][0][RM_GNB_UE_ID][1]
  [CUCP_1_1][2023/03/31 05:38:59.753999][RM][rm_db.cpp][2139][TRC][UE_ADDED_TO_RM_CELL][RM_GNB_UE_ID][1]
  [CUCP_1_1][2023/03/31 05:38:59.754002][RM][rm_ue_event_hdlr.cpp][5281][TRC][CELL_SELECTION_COMPLETE][RM_GNB_CELL_ID][0]
  [CUCP_1_1][2023/03/31 05:38:59.754003][RM][rm_ue_event_hdlr.cpp][5286][TRC][UE_CONN_ADD_REQ_PROCESSED][RM_GNB_UE_ID][1]
  [CUCP_1_1][2023/03/31 05:38:59.754008][RM][rm_ue_conn_msg_builder.cpp][1706][TRC][BUILD_RM_UE_CONN_ADD_CMD]
  [CUCP_1_1][2023/03/31 05:38:59.754010][RM][rm_ue_conn_msg_builder.cpp][1754][TRC][SENDING_RM_UE_CONN_ADD_CMD][RM_GNB_UE_ID][1][DU_GNB_UE_ID][0]
  [CUCP_1_1][2023/03/31 05:38:59.754018][APP][rm_thread.cpp][1236][TRC][RM_UE_CONN_ADD_REQ_PROCESSED][INT_MSG_RX_TS_CYCLE][193834238289138][SRC_UE_CONN_MGR][7][DST_RM][6][APP_GNB_UE_ID][1]
  [CUCP_1_1][2023/03/31 05:38:59.754028][APP][ue_cntrl_thread.cpp][165][TRC][RM_UE_CONN_ADD_CMD_RECEIVED][INT_MSG_RX_TS_CYCLE][193834238309552][SRC_RM][6][DST_UE_CONN_MGR][7][APP_GNB_UE_ID][1]
  [CUCP_1_1][2023/03/31 05:38:59.754031][UE_CONN_MGR][ue_conn_mgr_db.h][3711][TRC][STORING_NR_NEIGHBOR_CELL_RELATIONIDX_IN_UE_CONN][NR_NEIGHBOR_RELATIONIDX][0]
  [CUCP_1_1][2023/03/31 05:38:59.754034][UE_CONN_MGR][ue_conn_mgr_trans_mgr.cpp][271][TRC][FINDING_RM_UE_CONN_ADD_CMD_TRANS_ID][UE_CONN_MGR_TRANS_ID][0]
  [CUCP_1_1][2023/03/31 05:38:59.754036][UE_CONN_MGR][ue_conn_mgr_trans.cpp][441][TRC][HANDLING_UE_CONN_RM_UE_CONN_ADD_CMD_EVENT][UE_CONN_MGR_GNB_UE_ID][1][DU_GNB_UE_ID][0][UE_CONN_MGR_TRANS_ID][0]
  [CUCP_1_1][2023/03/31 05:38:59.754048][UE_CONN_MGR][ue_conn_mgr_conn_establishment.cpp][239][TRC][PROCESSING_RM_UE_CONN_ADD_CMD_EVENT][UE_CONN_MGR_GNB_UE_ID][1][DU_GNB_UE_ID][0]
  [CUCP_1_1][2023/03/31 05:38:59.754080][GNB_MGR][cu_fm_counter_msg.cpp][44][TRC][GNB_MGR_FM_COUNTER_INCREMENTED][GNB_MGR_COUNTER_TYPE][0][GNB_MGR_ALARM_LEVEL_ONE_ID][0][GNB_MGR_ALARM_LEVEL_TWO_ID][1]
  [CUCP_1_1][2023/03/31 05:38:59.754082][UE_CONN_MGR][ue_conn_mgr_db.cpp][178][TRC][UE_CONN_SRB_CREATED][UE_CONN_MGR_GNB_UE_ID][1][UE_CONN_MGR_GNB_SRB_ID][0][UE_CONN_MGR_SRB_ID][1]
  [CUCP_1_1][2023/03/31 05:38:59.754088][APP][ue_cntrl_thread.cpp][171][TRC][RM_UE_CONN_ADD_CMD_PROCESSED][INT_MSG_RX_TS_CYCLE][193834238442534][SRC_RM][6][DST_UE_CONN_MGR][7][APP_GNB_UE_ID][1]
  [CUCP_1_1][2023/03/31 05:38:59.754090][APP][ue_cntrl_thread.cpp][1556][TRC][PDCP_SRB_SETUP_REQ_RECEIVED][INT_MSG_RX_TS_CYCLE][193834238445690][SRC_UE_CONN_MGR][7][DST_PDCP_C][34][APP_GNB_UE_ID][1]
  [CUCP_1_1][2023/03/31 05:38:59.754104][PDCP_C_CNTRL][pdcp_c_db.h][664][TRC][PDCP_RX_SRB_ADDED][PDCP_SRB_INST_ID][0]
  [CUCP_1_1][2023/03/31 05:38:59.754105][PDCP_C_CNTRL][pdcp_c_db.h][429][TRC][PDCP_SRB_REORDERING_WINDOW][PDCP_SRB_REORDERING_WINDOW_SIZE][4095]
  [CUCP_1_1][2023/03/31 05:38:59.754111][PDCP_C_CNTRL][pdcp_c_db.h][724][TRC][PDCP_TX_SRB_ADDED][PDCP_SRB_INST_ID][0]
  [CUCP_1_1][2023/03/31 05:38:59.754112][PDCP_C_TX][pdcp_c_db.h][291][TRC][PDCP_SRB_MAX_TX_SN][PDCP_TX_SRB_SN][4096]
  [CUCP_1_1][2023/03/31 05:38:59.754114][APP][ue_cntrl_thread.cpp][1562][TRC][PDCP_SRB_SETUP_REQ_PROCESSED][INT_MSG_RX_TS_CYCLE][193834238498484][SRC_UE_CONN_MGR][7][DST_PDCP_C][34][APP_GNB_UE_ID][1]
  [CUCP_1_1][2023/03/31 05:38:59.754115][APP][ue_cntrl_thread.cpp][1080][TRC][PDCP_SRB_SETUP_RSP_RECEIVED][INT_MSG_RX_TS_CYCLE][193834238501978][SRC_PDCP_C][34][DST_UE_CONN_MGR][7][APP_GNB_UE_ID][1]
  [CUCP_1_1][2023/03/31 05:38:59.754117][UE_CONN_MGR][ue_conn_mgr_msg_hdlr.cpp][1885][TRC][RECEIVED_PDCP_SRB_SETUP_RSP]
  [CUCP_1_1][2023/03/31 05:38:59.754118][UE_CONN_MGR][ue_conn_mgr_trans_mgr.cpp][329][TRC][FINDING_PDCP_SRB_SETUP_RSP_TRANS_ID][UE_CONN_MGR_TRANS_ID][0]
  [CUCP_1_1][2023/03/31 05:38:59.754120][UE_CONN_MGR][ue_conn_mgr_trans.cpp][545][TRC][HANDLING_UE_CONN_PDCP_SRB_SETUP_RSP_EVENT][UE_CONN_MGR_GNB_UE_ID][1][DU_GNB_UE_ID][0][UE_CONN_MGR_TRANS_ID][0]
  [CUCP_1_1][2023/03/31 05:38:59.754121][UE_CONN_MGR][ue_conn_mgr_conn_establishment.cpp][382][TRC][PROCESSING_PDCP_SRB_SETUP_RSP_EVENT][UE_CONN_MGR_GNB_UE_ID][1][DU_GNB_UE_ID][0]
  [CUCP_1_1][2023/03/31 05:38:59.754121][OAM_LIB][AgentSubscriberImpl.cpp][105][INF][MessageReceived:44]
  [CUCP_1_1][2023/03/31 05:38:59.754131][FM][fm_counter_intf.cpp][114][INF][FM_INC_UE_COUNT_IND][GNB_INDEX][0][CELL_INDEX][1]
  [CUCP_1_1][2023/03/31 05:38:59.754132][FM][fm_counter_intf.cpp][121][INF][FM_SEND_NEW_UE_IND]
  [CUCP_1_1][2023/03/31 05:38:59.754268][RRC_CODEC][rrc_setup.cpp][261][TRC][RRC_MSG_ENCODE_SUCCESS_IN_RRC_SETUP][RRC_MSG_BUFFER_SIZE][25]
  [CUCP_1_1][2023/03/31 05:38:59.754273][UE_CONN_MGR][ue_conn_mgr_conn_establishment.cpp][434][INF][SENDING_UU_RRC_SETUP][UE_CONN_MGR_GNB_UE_ID][1][DU_GNB_UE_ID][0]
  [CUCP_1_1][2023/03/31 05:38:59.754326][UE_CONN_MGR][ue_conn_mgr_sctp_tx_msg_builder.cpp][2819][INF][SENDING_F1_DL_RRC_MESSAGE_TRANSFER][UE_CONN_MGR_GNB_UE_ID][1][DU_GNB_UE_ID][0]
  [CUCP_1_1][2023/03/31 05:38:59.754329][APP][ue_conn_mgr_msg_comm.cpp][115][TRC][SCTP_MSG_TX_REQ_RECEIVED_IN_UE_CNTRL_THREAD][INT_MSG_RX_TS_CYCLE][193834238971452][SRC_SCTP_TX][18][DST_SCTP_TX][18][APP_GNB_UE_ID][1]
  [CUCP_1_1][2023/03/31 05:38:59.754390][APP][ue_conn_mgr_msg_comm.cpp][133][TRC][SCTP_MSG_TX_REQ_PROCESSED_IN_UE_CNTRL_THREAD][INT_MSG_RX_TS_CYCLE][193834239104270][SRC_SCTP_TX][18][DST_SCTP_TX][18][APP_GNB_UE_ID][1]
  [CUCP_1_1][2023/03/31 05:38:59.754397][UE_CONN_MGR][ue_conn_mgr_fsm.h][2953][TRC][UE_CONN_STATE_TRANSITION:UE_CONN_RRC_IDLE-> UE_CONN_RRC_SETUP_INITIATED]
  [CUCP_1_1][2023/03/31 05:38:59.754399][APP][ue_cntrl_thread.cpp][1086][TRC][PDCP_SRB_SETUP_RSP_PROCESSED][INT_MSG_RX_TS_CYCLE][193834239124378][SRC_PDCP_C][34][DST_UE_CONN_MGR][7][APP_GNB_UE_ID][1]
  [CUCP_1_1][2023/03/31 05:38:59.755052][F1AP_CODEC][f1_msg_header.cpp][253][TRC][F1_MSG_ROUTING_INFO][F1_MSG_TYPE][27][IS_F1_MSG_UE_SPECIFIC][1]
  [CUCP_1_1][2023/03/31 05:38:59.755265][APP][ue_cntrl_thread.cpp][133][TRC][SCTP_USER_MSG_RX_IND_RECEIVED][EXT_MSG_RX_TS_CYCLE][193834241021908][SRC_SCTP_RX][19][DST_UE_CONN_MGR][7]
  [CUCP_1_1][2023/03/31 05:38:59.755351][UE_CONN_MGR][ue_conn_mgr_f1_msg.cpp][561][INF][RECEIVED_F1_UL_RRC_MESSAGE_TRANSFER][UE_CONN_MGR_GNB_UE_ID][1][DU_GNB_UE_ID][0][UE_CONN_MGR_CELL_ID][1]
  [CUCP_1_1][2023/03/31 05:38:59.755357][APP][ue_cntrl_thread.cpp][151][TRC][SCTP_USER_MSG_RX_IND_PROCESSED][EXT_MSG_RX_TS_CYCLE][193834241227692][SRC_SCTP_RX][19][DST_UE_CONN_MGR][7]
  [CUCP_1_1][2023/03/31 05:38:59.755358][APP][ue_cntrl_thread.cpp][1744][TRC][PDCP_SRB_DATA_RX_REQ_RECEIVED][INT_MSG_RX_TS_CYCLE][193834241230450][SRC_UE_CONN_MGR][7][DST_PDCP_C][35][APP_GNB_UE_ID][1]
  [CUCP_1_1][2023/03/31 05:38:59.755362][PDCP_C_RX][pdcp_c_rx_msg_hdlr.cpp][115][ERR][van_do]
  [CUCP_1_1][2023/03/31 05:38:59.755363][APP][ue_cntrl_thread.cpp][1750][TRC][PDCP_SRB_DATA_RX_REQ_PROCESSED][INT_MSG_RX_TS_CYCLE][193834241241350][SRC_UE_CONN_MGR][7][DST_PDCP_C][35][APP_GNB_UE_ID][1]
  [CUCP_1_1][2023/03/31 05:39:00.320589][OAM_LIB][Runner.cpp][56][INF][Received message on topic GENERIC_PM_NODE_MGR]
  [CUCP_1_1][2023/03/31 05:39:00.324362][OAM_PM][PmInterfaceImpl.h][212][INF][PmInterfaceImpl::publishReport, Generated sampling period report]
  [CUCP_1_1][2023/03/31 05:39:00.324719][OAM_LIB][Runner.cpp][56][INF][Received message on topic GENERIC_PM_SVC]
  [CUCP_1_1][2023/03/31 05:39:02.753245][UE_CONN_MGR][ue_conn_mgr_db.h][2775][TRC][UE_CONN_RRC_SETUP_TIMER_EXPIRY]
  [CUCP_1_1][2023/03/31 05:39:02.753280][APP][ue_cntrl_thread.cpp][444][TRC][UE_CONN_MGR_RRC_SETUP_TIMER_EXPIRY_IND_RECEIVED_IN_LC_INTER][INT_MSG_RX_TS_CYCLE][193840821129422][SRC_TIMER][48][DST_PDCP_RX][7][APP_GNB_UE_ID][1]
  [CUCP_1_1][2023/03/31 05:39:02.753289][UE_CONN_MGR][ue_conn_mgr_trans.cpp][1816][TRC][HANDLING_UE_CONN_UE_CONN_RRC_SETUP_TIMER_EXPIRY_EVENT][UE_CONN_MGR_GNB_UE_ID][1][DU_GNB_UE_ID][0][UE_CONN_MGR_TRANS_ID][0]
  [CUCP_1_1][2023/03/31 05:39:02.753293][UE_CONN_MGR][ue_conn_mgr_conn_establishment.cpp][7100][TRC][PROCESSING_UE_CONN_RRC_SETUP_TIMER_EXPIRY_IND_EVENT_IN_RRC_SETUP_INITIATED][UE_CONN_MGR_GNB_UE_ID][1][DU_GNB_UE_ID][0]
  [CUCP_1_1][2023/03/31 05:39:02.753313][UE_CONN_MGR][ue_conn_mgr_fsm.h][2953][TRC][UE_CONN_STATE_TRANSITION:UE_CONN_RRC_SETUP_INITIATED-> UE_CONN_RRC_SETUP_TIMER_]
  [CUCP_1_1][2023/03/31 05:39:02.753316][APP][ue_cntrl_thread.cpp][450][TRC][UE_CONN_MGR_RRC_SETUP_TIMER_EXPIRY_IND_PROCESSED_IN_LC_INTER][INT_MSG_RX_TS_CYCLE][193840821208690][SRC_TIMER][48][DST_PDCP_RX][7][APP_GNB_UE_ID][1]
  [CUCP_1_1][2023/03/31 05:39:02.753327][APP][rm_thread.cpp][1306][TRC][RM_UE_CONN_RELEASE_REQ_RECEIVED][INT_MSG_RX_TS_CYCLE][193840821232680][SRC_UE_CONN_MGR][7][DST_RM][6][APP_GNB_UE_ID][0]
  [CUCP_1_1][2023/03/31 05:39:02.753333][RM][rm_ue_event_hdlr.cpp][5135][TRC][PROCESSING_EVENT_IN_RM_UE_STATE_RRC_SETUP_ONGOING][RM_UE_EVENT][13][RM_GNB_UE_ID][1]
  [CUCP_1_1][2023/03/31 05:39:02.753336][RM][rm_ue_conn_msg_builder.cpp][360][TRC][SENDING_RM_UE_CONN_RELEASE_CMD][RM_GNB_UE_ID][1][DU_GNB_UE_ID][0]
  [CUCP_1_1][2023/03/31 05:39:02.753357][RM][rm_meas_control.cpp][2629][TRC][TRIGGER_RELEASE_ANR_CGI_CONFIGURED_UE]
  [CUCP_1_1][2023/03/31 05:39:02.753358][RM][rm_meas_control.cpp][2634][TRC][RM_UE_IS_NOT_CONFIGURED_FOR_ANR_CGI_TO_RELEASE][GNB_UE_ID][1]
  [CUCP_1_1][2023/03/31 05:39:02.753359][APP][rm_thread.cpp][1312][TRC][RM_UE_CONN_RELEASE_REQ_PROCESSED][INT_MSG_RX_TS_CYCLE][193840821302198][SRC_UE_CONN_MGR][7][DST_RM][6][APP_GNB_UE_ID][0]
  [CUCP_1_1][2023/03/31 05:39:02.753364][APP][ue_cntrl_thread.cpp][261][TRC][RM_UE_CONN_RELEASE_CMD_RECEIVED][INT_MSG_RX_TS_CYCLE][193840821313498][SRC_RM][6][DST_UE_CONN_MGR][7][APP_GNB_UE_ID][1]
  [CUCP_1_1][2023/03/31 05:39:02.753366][UE_CONN_MGR][ue_conn_mgr_trans_mgr.cpp][840][TRC][FINDING_UE_CONN_RM_UE_RELEASE_CMD_TRANS_ID][UE_CONN_MGR_TRANS_ID][0]
  [CUCP_1_1][2023/03/31 05:39:02.753367][UE_CONN_MGR][ue_conn_mgr_trans.cpp][1065][TRC][HANDLING_UE_CONN_RM_UE_RELEASE_CMD_EVENT][UE_CONN_MGR_GNB_UE_ID][1][DU_GNB_UE_ID][0][UE_CONN_MGR_TRANS_ID][0]
  [CUCP_1_1][2023/03/31 05:39:02.753379][UE_CONN_MGR][ue_conn_mgr_conn_release.cpp][4685][TRC][PROCESSING_RM_UE_CONN_RELEASE_CMD_IN_UE_CONN_RRC_SETUP_TIMER_EXPIRED_EVENT][UE_CONN_MGR_GNB_UE_ID][1][DU_GNB_UE_ID][0]
  [CUCP_1_1][2023/03/31 05:39:02.753460][RRC_CODEC][rrc_release.cpp][128][TRC][RRC_MSG_ENCODE_SUCCESS_IN_RRC_RELEASE][RRC_MSG_BUFFER_SIZE][2]
  [CUCP_1_1][2023/03/31 05:39:02.753466][UE_CONN_MGR][ue_conn_mgr_pm_meas.cpp][1532][TRC][INC_MEAS_RRC_CONN_REL_EVENT][UE_CONN_MGR_GNB_ID][0][UE_CONN_MGR_CELL_ID][1][INTERNAL_REL_CAUSE][15]
  [CUCP_1_1][2023/03/31 05:39:02.753487][GNB_MGR][cu_fm_counter_msg.cpp][73][TRC][GNB_MGR_FM_COUNTER_DECREMENTED][GNB_MGR_COUNTER_TYPE][0][GNB_MGR_ALARM_LEVEL_ONE_ID][0][GNB_MGR_ALARM_LEVEL_TWO_ID][1]
  [CUCP_1_1][2023/03/31 05:39:02.753488][UE_CONN_MGR][ue_conn_mgr_conn_release.cpp][4712][INF][SENDING_F1_UU_RRC_RELEASE][UE_CONN_MGR_GNB_UE_ID][1][DU_GNB_UE_ID][0][DL_DCCH_MSG_TYPE][5]
  [CUCP_1_1][2023/03/31 05:39:02.753500][UE_CONN_MGR][ue_conn_mgr_fsm.h][2953][TRC][UE_CONN_STATE_TRANSITION:UE_CONN_RRC_SETUP_TIMER_EXPIRED-> UE_CONN_RELEASE_INIT]
  [CUCP_1_1][2023/03/31 05:39:02.753502][APP][ue_cntrl_thread.cpp][267][TRC][RM_UE_CONN_RELEASE_CMD_PROCESSED][INT_MSG_RX_TS_CYCLE][193840821616984][SRC_RM][6][DST_UE_CONN_MGR][7][APP_GNB_UE_ID][1]
  [CUCP_1_1][2023/03/31 05:39:02.753503][APP][ue_cntrl_thread.cpp][1815][TRC][PDCP_SRB_DATA_TX_REQ_RECEIVED][INT_MSG_RX_TS_CYCLE][193840821620010][SRC_UE_CONN_MGR][7][DST_PDCP_C][36][APP_GNB_UE_ID][1]
  [CUCP_1_1][2023/03/31 05:39:02.753508][PDCP_C_TX][pdcp_c_tx_srb_sdu_proc.cpp][103][TRC][PDCP_TX_SRB_SDU][PDCP_C_OPAQUE_USER_ID][1][PDCP_SRB_INST_ID][0][PDCP_SRB_SDU_SIZE][2]
  [CUCP_1_1][2023/03/31 05:39:02.753509][PDCP_C_TX][pdcp_c_tx_srb_sdu_proc.cpp][153][TRC][ADD_PDCP_SRB_HEADER_TO_SDU_SUCCESS][PDCP_C_OPAQUE_USER_ID][1][PDCP_SRB_ID][1][PDCP_TX_SRB_HFN][0][PDCP_TX_SRB_SN][0]
  [CUCP_1_1][2023/03/31 05:39:02.753511][APP][ue_cntrl_thread.cpp][1821][TRC][PDCP_SRB_DATA_TX_REQ_PROCESSED][INT_MSG_RX_TS_CYCLE][193840821635772][SRC_UE_CONN_MGR][7][DST_PDCP_C][36][APP_GNB_UE_ID][1]
  [CUCP_1_1][2023/03/31 05:39:02.753511][APP][ue_cntrl_thread.cpp][1156][TRC][PDCP_SRB_DATA_TX_RSP_RECEIVED][INT_MSG_RX_TS_CYCLE][193840821637732][SRC_PDCP_C][36][DST_UE_CONN_MGR][7][APP_GNB_UE_ID][1]
  [CUCP_1_1][2023/03/31 05:39:02.753514][UE_CONN_MGR][ue_conn_mgr_trans_mgr.cpp][563][TRC][FINDING_PDCP_SRB_DATA_TX_RSP_TRANS_ID][UE_CONN_MGR_TRANS_ID][0]
  [CUCP_1_1][2023/03/31 05:39:02.753515][UE_CONN_MGR][ue_conn_mgr_trans.cpp][781][TRC][HANDLING_UE_PDCP_SRB_DATA_TX_RSP_EVENT][UE_CONN_MGR_GNB_UE_ID][1][DU_GNB_UE_ID][0][UE_CONN_MGR_TRANS_ID][0]
  [CUCP_1_1][2023/03/31 05:39:02.753517][UE_CONN_MGR][ue_conn_mgr_conn_release.cpp][4029][TRC][PROCESSING_PDCP_SRB_DATA_TX_RSP_EVENT_IN_RELEASE_INITIATED][UE_CONN_MGR_GNB_UE_ID][1][DU_GNB_UE_ID][0]
  [CUCP_1_1][2023/03/31 05:39:02.753554][OAM_LIB][AgentSubscriberImpl.cpp][105][INF][MessageReceived:44]
  [CUCP_1_1][2023/03/31 05:39:02.753565][FM][fm_counter_intf.cpp][152][INF][FM_SEND_NO_UE_IND]
  [CUCP_1_1][2023/03/31 05:39:02.753617][UE_CONN_MGR][ue_conn_mgr_sctp_tx_msg_builder.cpp][680][INF][SENDING_F1_UE_CONTEXT_RELEASE_COMMAND][UE_CONN_MGR_GNB_UE_ID][1][DU_GNB_UE_ID][0]
  [CUCP_1_1][2023/03/31 05:39:02.753619][APP][ue_conn_mgr_msg_comm.cpp][115][TRC][SCTP_MSG_TX_REQ_RECEIVED_IN_UE_CNTRL_THREAD][INT_MSG_RX_TS_CYCLE][193840821873812][SRC_SCTP_TX][18][DST_SCTP_TX][18][APP_GNB_UE_ID][1]
  [CUCP_1_1][2023/03/31 05:39:02.753723][APP][ue_conn_mgr_msg_comm.cpp][133][TRC][SCTP_MSG_TX_REQ_PROCESSED_IN_UE_CNTRL_THREAD][INT_MSG_RX_TS_CYCLE][193840822102828][SRC_SCTP_TX][18][DST_SCTP_TX][18][APP_GNB_UE_ID][1]
  [CUCP_1_1][2023/03/31 05:39:02.753730][APP][ue_cntrl_thread.cpp][1162][TRC][PDCP_SRB_DATA_TX_RSP_PROCESSED][INT_MSG_RX_TS_CYCLE][193840822117580][SRC_PDCP_C][36][DST_UE_CONN_MGR][7][APP_GNB_UE_ID][1]
  [CUCP_1_1][2023/03/31 05:39:02.762056][F1AP_CODEC][f1_msg_header.cpp][253][TRC][F1_MSG_ROUTING_INFO][F1_MSG_TYPE][31][IS_F1_MSG_UE_SPECIFIC][1]
  [CUCP_1_1][2023/03/31 05:39:02.762366][APP][ue_cntrl_thread.cpp][133][TRC][SCTP_USER_MSG_RX_IND_RECEIVED][EXT_MSG_RX_TS_CYCLE][193840841068224][SRC_SCTP_RX][19][DST_UE_CONN_MGR][7]
  [CUCP_1_1][2023/03/31 05:39:02.762429][UE_CONN_MGR][ue_conn_mgr_f1_msg.cpp][719][INF][RECEIVED_F1_UE_CONTEXT_RELEASE_COMPLETE][UE_CONN_MGR_GNB_UE_ID][1][DU_GNB_UE_ID][0][UE_CONN_MGR_CELL_ID][1]
  [CUCP_1_1][2023/03/31 05:39:02.762432][UE_CONN_MGR][ue_conn_mgr_trans_mgr.cpp][899][TRC][FINDING_UE_CONN_DU_UE_CONTEXT_RELEASE_COMPLETE_TRANS_ID][UE_CONN_MGR_TRANS_ID][0]
  [CUCP_1_1][2023/03/31 05:39:02.762435][UE_CONN_MGR][ue_conn_mgr_trans.cpp][1087][TRC][HANDLING_UE_CONN_DU_UE_CONTEXT_RELEASE_COMPLETE_EVENT][UE_CONN_MGR_GNB_UE_ID][1][DU_GNB_UE_ID][0][UE_CONN_MGR_TRANS_ID][0]
  [CUCP_1_1][2023/03/31 05:39:02.762438][UE_CONN_MGR][ue_conn_mgr_conn_release.cpp][4068][TRC][PROCESSING_DU_UE_RELEASE_COMPLETE_][UE_CONN_MGR_GNB_UE_ID][1][DU_GNB_UE_ID][0]
  [CUCP_1_1][2023/03/31 05:39:02.762447][APP][ue_cntrl_thread.cpp][151][TRC][SCTP_USER_MSG_RX_IND_PROCESSED][EXT_MSG_RX_TS_CYCLE][193840841249476][SRC_SCTP_RX][19][DST_UE_CONN_MGR][7]
  [CUCP_1_1][2023/03/31 05:39:02.762458][APP][rm_thread.cpp][1325][TRC][RM_UE_CONN_RELEASE_CNF_RECEIVED][INT_MSG_RX_TS_CYCLE][193840841271132][SRC_UE_CONN_MGR][7][DST_RM][6][APP_GNB_UE_ID][1]
  [CUCP_1_1][2023/03/31 05:39:02.762465][RM][rm_ue_event_hdlr.cpp][503][TRC][PROCESSING_EVENT_IN_RM_UE_STATE_UE_RELEASE_ONGOING][RM_UE_EVENT][14][RM_GNB_UE_ID][1]
  [CUCP_1_1][2023/03/31 05:39:02.762467][RM][rm_ue_event_hdlr.cpp][513][INF][PROCESSING_RM_UE_CONN_RELEASE_CNF_EVENT][INTERNAL_CAUSE][15]
  [CUCP_1_1][2023/03/31 05:39:02.762471][RM][rm_db.cpp][2158][TRC][UE_ID_DELETED_FROM_CELL_CONTEXT][RM_GNB_CELL_ID][0][RM_GNB_UE_ID][1]
  [CUCP_1_1][2023/03/31 05:39:02.762474][RM][rm_db.cpp][2488][WRN][RM_CU_UP_NOT_FOUND][RM_GNB_CU_UP_ID][0]
  [CUCP_1_1][2023/03/31 05:39:02.762475][RM][rm_ue_event_hdlr.cpp][594][TRC][CU_UP_NOT_FOUND_IN_UE_CONN_RELEASE_CNF][RM_GNB_CU_UP_ID][0]
  [CUCP_1_1][2023/03/31 05:39:02.762476][RM][rm_db.cpp][410][WRN][RM_AMF_NOT_FOUND][AMF_ID][0]
  [CUCP_1_1][2023/03/31 05:39:02.762477][RM][rm_ue_event_hdlr.cpp][608][TRC][AMF_NOT_FOUND_IN_UE_CONN_RELEASE_CNF][RM_GNB_AMF_ID][0]
  [CUCP_1_1][2023/03/31 05:39:02.762480][RM][rm_ue_conn_msg_builder.cpp][293][TRC][SENDING_RM_UE_CONN_RELEASE_RSP][RM_GNB_UE_ID][1][DU_GNB_UE_ID][0]
  [CUCP_1_1][2023/03/31 05:39:02.762550][RM][rm_db.cpp][2018][TRC][UE_DELETED][RM_GNB_UE_ID][1]
  [CUCP_1_1][2023/03/31 05:39:02.762552][APP][rm_thread.cpp][1337][TRC][RM_UE_CONN_RELEASE_CNF_PROCESSED][INT_MSG_RX_TS_CYCLE][193840841479818][SRC_UE_CONN_MGR][7][DST_RM][6][APP_GNB_UE_ID][1]
  [CUCP_1_1][2023/03/31 05:39:02.762559][APP][ue_cntrl_thread.cpp][302][TRC][RM_UE_CONN_RELEASE_RSP_RECEIVED][INT_MSG_RX_TS_CYCLE][193840841495872][SRC_RM][6][DST_UE_CONN_MGR][7][APP_GNB_UE_ID][1]
  [CUCP_1_1][2023/03/31 05:39:02.762562][UE_CONN_MGR][ue_conn_mgr_trans_mgr.cpp][933][TRC][FINDING_UE_CONN_RM_UE_RELEASE_RSP_TRANS_ID][UE_CONN_MGR_TRANS_ID][0]
  [CUCP_1_1][2023/03/31 05:39:02.762563][UE_CONN_MGR][ue_conn_mgr_trans.cpp][1131][TRC][HANDLING_UE_CONN_RM_UE_RELEASE_RSP_EVENT][UE_CONN_MGR_GNB_UE_ID][1][DU_GNB_UE_ID][0][UE_CONN_MGR_TRANS_ID][0]
  [CUCP_1_1][2023/03/31 05:39:02.762565][UE_CONN_MGR][ue_conn_mgr_conn_release.cpp][4617][TRC][PROCESSING_RM_UE_RELEASE_RSP_IN_RELEASE_INITIATED_STATE][UE_CONN_MGR_GNB_UE_ID][1][DU_GNB_UE_ID][0]
  [CUCP_1_1][2023/03/31 05:39:02.762566][UE_CONN_MGR][ue_conn_mgr_trans_mgr.cpp][157][TRC][DELETING_TRANS][UE_CONN_MGR_TRANS_ID][0]
  [CUCP_1_1][2023/03/31 05:39:02.762568][UE_CONN_MGR][ue_conn_mgr_db.cpp][275][WRN][NG_UE_CONTEXT_RELEASE_REQUEST_TIMER_NOT_RUNNING]
  [CUCP_1_1][2023/03/31 05:39:02.762571][UE_CONN_MGR][ue_conn_mgr_db.cpp][235][TRC][UE_CONN_SRB_DELETED][UE_CONN_MGR_GNB_SRB_ID][0]
  [CUCP_1_1][2023/03/31 05:39:02.762582][UE_CONN_MGR][ue_conn_mgr_db.cpp][282][TRC][UE_CONN_DELETED][UE_CONN_MGR_GNB_UE_ID][1]
  [CUCP_1_1][2023/03/31 05:39:02.762583][UE_CONN_MGR][ue_conn_mgr_trans.cpp][160][TRC][UE_CONN_IN_TRANS_UE_RELEASE_DELETED]
  [CUCP_1_1][2023/03/31 05:39:02.762584][APP][ue_cntrl_thread.cpp][308][TRC][RM_UE_CONN_RELEASE_RSP_PROCESSED][INT_MSG_RX_TS_CYCLE][193840841550378][SRC_RM][6][DST_UE_CONN_MGR][7][APP_GNB_UE_ID][1]
  [CUCP_1_1][2023/03/31 05:39:15.320527][OAM_LIB][Runner.cpp][56][INF][Received message on topic GENERIC_PM_NODE_MGR]
  [CUCP_1_1][2023/03/31 05:39:15.324762][OAM_PM][PmInterfaceImpl.h][212][INF][PmInterfaceImpl::publishReport, Generated sampling period report]
  [CUCP_1_1][2023/03/31 05:39:15.325318][OAM_LIB][Runner.cpp][56][INF][Received message on topic GENERIC_PM_SVC]
  [CUCP_1_1][2023/03/31 05:39:30.320654][OAM_LIB][Runner.cpp][56][INF][Received message on topic GENERIC_PM_NODE_MGR]
  [CUCP_1_1][2023/03/31 05:39:30.324344][OAM_PM][PmInterfaceImpl.h][212][INF][PmInterfaceImpl::publishReport, Generated sampling period report]
  [CUCP_1_1][2023/03/31 05:39:30.324778][OAM_LIB][Runner.cpp][56][INF][Received message on topic GENERIC_PM_SVC]
  [CUCP_1_1][2023/03/31 05:39:45.320481][OAM_LIB][Runner.cpp][56][INF][Received message on topic GENERIC_PM_NODE_MGR]
  [CUCP_1_1][2023/03/31 05:39:45.324365][OAM_PM][PmInterfaceImpl.h][212][INF][PmInterfaceImpl::publishReport, Generated sampling period report]
  [CUCP_1_1][2023/03/31 05:39:45.325211][OAM_LIB][Runner.cpp][56][INF][Received message on topic GENERIC_PM_SVC]
  [CUCP_1_1][2023/03/31 05:39:47.503640][APP][app_cntrl.h][746][FATAL][SIGTERM exception caught]
  [CUCP_1_1][2023/03/31 05:39:47.507035][RM][rm_db.cpp][147][TRC][DELETING_RM_CELL][RM_GNB_CELL_ID][0]
  [CUCP_1_1][2023/03/31 05:39:47.507040][RM][rm_db.cpp][147][TRC][DELETING_RM_CELL][RM_GNB_CELL_ID][1]
  [CUCP_1_1][2023/03/31 05:39:47.507041][RM][rm_db.cpp][147][TRC][DELETING_RM_CELL][RM_GNB_CELL_ID][2]
  [CUCP_1_1][2023/03/31 05:39:47.507043][RM][rm_db.cpp][147][TRC][DELETING_RM_CELL][RM_GNB_CELL_ID][3]
  [CUCP_1_1][2023/03/31 05:39:47.507044][RM][rm_db.cpp][147][TRC][DELETING_RM_CELL][RM_GNB_CELL_ID][4]
  [CUCP_1_1][2023/03/31 05:39:47.507046][RM][rm_db.cpp][147][TRC][DELETING_RM_CELL][RM_GNB_CELL_ID][5]
  [CUCP_1_1][2023/03/31 05:39:47.507209][PDCP_C_CNTRL][pdcp_c_db.h][807][TRC][PDCP_C_DEINIT_SUCCESS][MAX_SRBS][2048]
  [CUCP_1_1][2023/03/31 05:39:49.629990][OAM_LIB][Timer.cpp][200][INF][Notify_all]
